-- The C compiler identification is GNU 11.4.0
-- The CXX compiler identification is GNU 11.4.0
-- Detecting C compiler ABI info
-- Detecting C compiler ABI info - done
-- Check for working C compiler: /usr/bin/cc - skipped
-- Detecting C compile features
-- Detecting C compile features - done
-- Detecting CXX compiler ABI info
-- Detecting CXX compiler ABI info - done
-- Check for working CXX compiler: /usr/bin/c++ - skipped
-- Detecting CXX compile features
-- Detecting CXX compile features - done
-- Found ament_cmake: 1.3.10 (/opt/ros/humble/share/ament_cmake/cmake)
-- Found Python3: /usr/bin/python3 (found version "3.10.12") found components: Interpreter 
-- Override CMake install command with custom implementation using symlinks instead of copying resources
-- Found ament_lint_auto: 0.12.11 (/opt/ros/humble/share/ament_lint_auto/cmake)
-- Added test 'flake8' to check Python code syntax and style conventions
-- Added test 'lint_cmake' to check CMake code style
-- Added test 'pep257' to check Python code against some of the docstring style conventions in PEP 257
-- Added test 'xmllint' to check XML markup files
-- Configuring done
-- Generating done
-- Build files have been written to: /home/gswt/gswt/armstrong_robot/armstrong_ws/build/armstrong_description
-- Install configuration: ""
-- Execute custom install script
-- Symlinking: /home/gswt/gswt/armstrong_robot/armstrong_ws/install/armstrong_description/share/armstrong_description/urdf/armstrong_v1/base.urdf.xacro
-- Symlinking: /home/gswt/gswt/armstrong_robot/armstrong_ws/install/armstrong_description/share/armstrong_description/urdf/armstrong_v1/gazebo_plugins.urdf.xacro
-- Symlinking: /home/gswt/gswt/armstrong_robot/armstrong_ws/install/armstrong_description/share/armstrong_description/urdf/armstrong_v1/main.urdf.xacro
-- Symlinking: /home/gswt/gswt/armstrong_robot/armstrong_ws/install/armstrong_description/share/armstrong_description/urdf/armstrong_v1/materials.urdf.xacro
-- Symlinking: /home/gswt/gswt/armstrong_robot/armstrong_ws/install/armstrong_description/share/armstrong_description/urdf/armstrong_v1/ros2_control.urdf.xacro
-- Symlinking: /home/gswt/gswt/armstrong_robot/armstrong_ws/install/armstrong_description/share/armstrong_description/launch/display.launch.py
-- Symlinking: /home/gswt/gswt/armstrong_robot/armstrong_ws/install/armstrong_description/share/armstrong_description/launch/gazebo.launch.py
-- Symlinking: /home/gswt/gswt/armstrong_robot/armstrong_ws/install/armstrong_description/share/armstrong_description/rviz/armstrong_display.rviz
-- Symlinking: /home/gswt/gswt/armstrong_robot/armstrong_ws/install/armstrong_description/share/armstrong_description/worlds/empty_world.world
-- Symlinking: /home/gswt/gswt/armstrong_robot/armstrong_ws/install/armstrong_description/share/ament_index/resource_index/package_run_dependencies/armstrong_description
-- Symlinking: /home/gswt/gswt/armstrong_robot/armstrong_ws/install/armstrong_description/share/ament_index/resource_index/parent_prefix_path/armstrong_description
-- Symlinking: /home/gswt/gswt/armstrong_robot/armstrong_ws/install/armstrong_description/share/armstrong_description/environment/ament_prefix_path.sh
-- Symlinking: /home/gswt/gswt/armstrong_robot/armstrong_ws/install/armstrong_description/share/armstrong_description/environment/ament_prefix_path.dsv
-- Symlinking: /home/gswt/gswt/armstrong_robot/armstrong_ws/install/armstrong_description/share/armstrong_description/environment/path.sh
-- Symlinking: /home/gswt/gswt/armstrong_robot/armstrong_ws/install/armstrong_description/share/armstrong_description/environment/path.dsv
-- Symlinking: /home/gswt/gswt/armstrong_robot/armstrong_ws/install/armstrong_description/share/armstrong_description/local_setup.bash
-- Symlinking: /home/gswt/gswt/armstrong_robot/armstrong_ws/install/armstrong_description/share/armstrong_description/local_setup.sh
-- Symlinking: /home/gswt/gswt/armstrong_robot/armstrong_ws/install/armstrong_description/share/armstrong_description/local_setup.zsh
-- Symlinking: /home/gswt/gswt/armstrong_robot/armstrong_ws/install/armstrong_description/share/armstrong_description/local_setup.dsv
-- Symlinking: /home/gswt/gswt/armstrong_robot/armstrong_ws/install/armstrong_description/share/armstrong_description/package.dsv
-- Symlinking: /home/gswt/gswt/armstrong_robot/armstrong_ws/install/armstrong_description/share/ament_index/resource_index/packages/armstrong_description
-- Symlinking: /home/gswt/gswt/armstrong_robot/armstrong_ws/install/armstrong_description/share/armstrong_description/cmake/armstrong_descriptionConfig.cmake
-- Symlinking: /home/gswt/gswt/armstrong_robot/armstrong_ws/install/armstrong_description/share/armstrong_description/cmake/armstrong_descriptionConfig-version.cmake
-- Symlinking: /home/gswt/gswt/armstrong_robot/armstrong_ws/install/armstrong_description/share/armstrong_description/package.xml
