[0.022s] Invoking command in '/home/gswt/gswt/armstrong_robot/armstrong_ws/build/armstrong_controller': CMAKE_PREFIX_PATH=${CMAKE_PREFIX_PATH}:/opt/ros/humble /usr/bin/cmake --build /home/gswt/gswt/armstrong_robot/armstrong_ws/build/armstrong_controller -- -j16 -l16
[0.066s] -- Found ament_cmake: 1.3.10 (/opt/ros/humble/share/ament_cmake/cmake)
[0.214s] -- Override CMake install command with custom implementation using symlinks instead of copying resources
[0.272s] -- Found rclcpp: 16.0.10 (/opt/ros/humble/share/rclcpp/cmake)
[0.319s] -- Found rosidl_generator_c: 3.1.5 (/opt/ros/humble/share/rosidl_generator_c/cmake)
[0.323s] -- Found rosidl_adapter: 3.1.5 (/opt/ros/humble/share/rosidl_adapter/cmake)
[0.354s] -- Found rosidl_generator_cpp: 3.1.5 (/opt/ros/humble/share/rosidl_generator_cpp/cmake)
[0.367s] -- Using all available rosidl_typesupport_c: rosidl_typesupport_fastrtps_c;rosidl_typesupport_introspection_c
[0.406s] -- Using all available rosidl_typesupport_cpp: rosidl_typesupport_fastrtps_cpp;rosidl_typesupport_introspection_cpp
[0.453s] -- Found rmw_implementation_cmake: 6.1.2 (/opt/ros/humble/share/rmw_implementation_cmake/cmake)
[0.455s] -- Found rmw_fastrtps_cpp: 6.2.7 (/opt/ros/humble/share/rmw_fastrtps_cpp/cmake)
[0.612s] -- Using RMW implementation 'rmw_fastrtps_cpp' as default
[0.677s] -- Found rclpy: 3.3.14 (/opt/ros/humble/share/rclpy/cmake)
[0.750s] -- Configuring done
[0.757s] -- Generating done
[0.759s] -- Build files have been written to: /home/gswt/gswt/armstrong_robot/armstrong_ws/build/armstrong_controller
[0.792s] Invoked command in '/home/gswt/gswt/armstrong_robot/armstrong_ws/build/armstrong_controller' returned '0': CMAKE_PREFIX_PATH=${CMAKE_PREFIX_PATH}:/opt/ros/humble /usr/bin/cmake --build /home/gswt/gswt/armstrong_robot/armstrong_ws/build/armstrong_controller -- -j16 -l16
[0.824s] Invoking command in '/home/gswt/gswt/armstrong_robot/armstrong_ws/build/armstrong_controller': CMAKE_PREFIX_PATH=${CMAKE_PREFIX_PATH}:/opt/ros/humble /usr/bin/cmake --install /home/gswt/gswt/armstrong_robot/armstrong_ws/build/armstrong_controller
[0.834s] -- Install configuration: ""
[0.834s] -- Execute custom install script
[0.835s] -- Up-to-date symlink: /home/gswt/gswt/armstrong_robot/armstrong_ws/install/armstrong_controller/share/armstrong_controller/config/armstrong_v1_controllers.yaml
[0.835s] -- Up-to-date symlink: /home/gswt/gswt/armstrong_robot/armstrong_ws/install/armstrong_controller/share/armstrong_controller/config/oltf_data_acq.yaml
[0.835s] -- Up-to-date symlink: /home/gswt/gswt/armstrong_robot/armstrong_ws/install/armstrong_controller/share/armstrong_controller/launch/controller.launch.py
[0.836s] -- Up-to-date symlink: /home/gswt/gswt/armstrong_robot/armstrong_ws/install/armstrong_controller/lib/armstrong_controller/oltf_data_acq.py
[0.836s] [31mCMake Error at ament_cmake_symlink_install/ament_cmake_symlink_install.cmake:204 (message):
[0.836s]   ament_cmake_symlink_install_programs() can't find
[0.836s]   '/home/gswt/gswt/armstrong_robot/armstrong_ws/src/armstrong_controller/scritps/effort_teleop.py'
[0.836s] Call Stack (most recent call first):
[0.836s]   ament_cmake_symlink_install/ament_cmake_symlink_install.cmake:317 (ament_cmake_symlink_install_programs)
[0.836s]   cmake_install.cmake:46 (include)
[0.836s] 
[0.836s] [0m
[0.837s] Invoked command in '/home/gswt/gswt/armstrong_robot/armstrong_ws/build/armstrong_controller' returned '1': CMAKE_PREFIX_PATH=${CMAKE_PREFIX_PATH}:/opt/ros/humble /usr/bin/cmake --install /home/gswt/gswt/armstrong_robot/armstrong_ws/build/armstrong_controller
