[0.015s] Invoking command in '/home/gswt/gswt/armstrong_robot/armstrong_ws/build/armstrong_bringup': CMAKE_PREFIX_PATH=${CMAKE_PREFIX_PATH}:/opt/ros/humble /usr/bin/cmake /home/gswt/gswt/armstrong_robot/armstrong_ws/src/armstrong_bringup -DAMENT_CMAKE_SYMLINK_INSTALL=1 -DCMAKE_INSTALL_PREFIX=/home/gswt/gswt/armstrong_robot/armstrong_ws/install/armstrong_bringup
[0.060s] -- The C compiler identification is GNU 11.4.0
[0.104s] -- The CXX compiler identification is GNU 11.4.0
[0.110s] -- Detecting C compiler ABI info
[0.168s] -- Detecting C compiler ABI info - done
[0.173s] -- Check for working C compiler: /usr/bin/cc - skipped
[0.173s] -- Detecting C compile features
[0.174s] -- Detecting C compile features - done
[0.176s] -- Detecting CXX compiler ABI info
[0.244s] -- Detecting CXX compiler ABI info - done
[0.249s] -- Check for working CXX compiler: /usr/bin/c++ - skipped
[0.249s] -- Detecting CXX compile features
[0.250s] -- Detecting CXX compile features - done
[0.252s] -- Found ament_cmake: 1.3.10 (/opt/ros/humble/share/ament_cmake/cmake)
[0.378s] -- Found Python3: /usr/bin/python3 (found version "3.10.12") found components: Interpreter 
[0.434s] -- Override CMake install command with custom implementation using symlinks instead of copying resources
[0.466s] -- Found ament_lint_auto: 0.12.11 (/opt/ros/humble/share/ament_lint_auto/cmake)
[0.532s] -- Added test 'flake8' to check Python code syntax and style conventions
[0.533s] -- Added test 'lint_cmake' to check CMake code style
[0.533s] -- Added test 'pep257' to check Python code against some of the docstring style conventions in PEP 257
[0.534s] -- Added test 'xmllint' to check XML markup files
[0.535s] -- Configuring done
[0.538s] -- Generating done
[0.539s] -- Build files have been written to: /home/gswt/gswt/armstrong_robot/armstrong_ws/build/armstrong_bringup
[0.543s] Invoked command in '/home/gswt/gswt/armstrong_robot/armstrong_ws/build/armstrong_bringup' returned '0': CMAKE_PREFIX_PATH=${CMAKE_PREFIX_PATH}:/opt/ros/humble /usr/bin/cmake /home/gswt/gswt/armstrong_robot/armstrong_ws/src/armstrong_bringup -DAMENT_CMAKE_SYMLINK_INSTALL=1 -DCMAKE_INSTALL_PREFIX=/home/gswt/gswt/armstrong_robot/armstrong_ws/install/armstrong_bringup
[0.544s] Invoking command in '/home/gswt/gswt/armstrong_robot/armstrong_ws/build/armstrong_bringup': CMAKE_PREFIX_PATH=${CMAKE_PREFIX_PATH}:/opt/ros/humble /usr/bin/cmake --build /home/gswt/gswt/armstrong_robot/armstrong_ws/build/armstrong_bringup -- -j16 -l16
[0.577s] Invoked command in '/home/gswt/gswt/armstrong_robot/armstrong_ws/build/armstrong_bringup' returned '0': CMAKE_PREFIX_PATH=${CMAKE_PREFIX_PATH}:/opt/ros/humble /usr/bin/cmake --build /home/gswt/gswt/armstrong_robot/armstrong_ws/build/armstrong_bringup -- -j16 -l16
[0.605s] Invoking command in '/home/gswt/gswt/armstrong_robot/armstrong_ws/build/armstrong_bringup': CMAKE_PREFIX_PATH=${CMAKE_PREFIX_PATH}:/opt/ros/humble /usr/bin/cmake --install /home/gswt/gswt/armstrong_robot/armstrong_ws/build/armstrong_bringup
[0.611s] -- Install configuration: ""
[0.612s] -- Execute custom install script
[0.612s] -- Symlinking: /home/gswt/gswt/armstrong_robot/armstrong_ws/install/armstrong_bringup/share/armstrong_bringup/launch/armstrong_simulated.launch.py
[0.620s] -- Symlinking: /home/gswt/gswt/armstrong_robot/armstrong_ws/install/armstrong_bringup/share/ament_index/resource_index/package_run_dependencies/armstrong_bringup
[0.628s] -- Symlinking: /home/gswt/gswt/armstrong_robot/armstrong_ws/install/armstrong_bringup/share/ament_index/resource_index/parent_prefix_path/armstrong_bringup
[0.637s] -- Symlinking: /home/gswt/gswt/armstrong_robot/armstrong_ws/install/armstrong_bringup/share/armstrong_bringup/environment/ament_prefix_path.sh
[0.645s] -- Symlinking: /home/gswt/gswt/armstrong_robot/armstrong_ws/install/armstrong_bringup/share/armstrong_bringup/environment/ament_prefix_path.dsv
[0.654s] -- Symlinking: /home/gswt/gswt/armstrong_robot/armstrong_ws/install/armstrong_bringup/share/armstrong_bringup/environment/path.sh
[0.661s] -- Symlinking: /home/gswt/gswt/armstrong_robot/armstrong_ws/install/armstrong_bringup/share/armstrong_bringup/environment/path.dsv
[0.669s] -- Symlinking: /home/gswt/gswt/armstrong_robot/armstrong_ws/install/armstrong_bringup/share/armstrong_bringup/local_setup.bash
[0.677s] -- Symlinking: /home/gswt/gswt/armstrong_robot/armstrong_ws/install/armstrong_bringup/share/armstrong_bringup/local_setup.sh
[0.685s] -- Symlinking: /home/gswt/gswt/armstrong_robot/armstrong_ws/install/armstrong_bringup/share/armstrong_bringup/local_setup.zsh
[0.694s] -- Symlinking: /home/gswt/gswt/armstrong_robot/armstrong_ws/install/armstrong_bringup/share/armstrong_bringup/local_setup.dsv
[0.702s] -- Symlinking: /home/gswt/gswt/armstrong_robot/armstrong_ws/install/armstrong_bringup/share/armstrong_bringup/package.dsv
[0.711s] -- Symlinking: /home/gswt/gswt/armstrong_robot/armstrong_ws/install/armstrong_bringup/share/ament_index/resource_index/packages/armstrong_bringup
[0.719s] -- Symlinking: /home/gswt/gswt/armstrong_robot/armstrong_ws/install/armstrong_bringup/share/armstrong_bringup/cmake/armstrong_bringupConfig.cmake
[0.728s] -- Symlinking: /home/gswt/gswt/armstrong_robot/armstrong_ws/install/armstrong_bringup/share/armstrong_bringup/cmake/armstrong_bringupConfig-version.cmake
[0.737s] -- Symlinking: /home/gswt/gswt/armstrong_robot/armstrong_ws/install/armstrong_bringup/share/armstrong_bringup/package.xml
[0.756s] Invoked command in '/home/gswt/gswt/armstrong_robot/armstrong_ws/build/armstrong_bringup' returned '0': CMAKE_PREFIX_PATH=${CMAKE_PREFIX_PATH}:/opt/ros/humble /usr/bin/cmake --install /home/gswt/gswt/armstrong_robot/armstrong_ws/build/armstrong_bringup
