[0.021s] Invoking command in '/home/gswt/gswt/armstrong_robot/armstrong_ws/build/armstrong_controller': CMAKE_PREFIX_PATH=${CMAKE_PREFIX_PATH}:/opt/ros/humble /usr/bin/cmake --build /home/gswt/gswt/armstrong_robot/armstrong_ws/build/armstrong_controller -- -j16 -l16
[0.075s] Invoked command in '/home/gswt/gswt/armstrong_robot/armstrong_ws/build/armstrong_controller' returned '0': CMAKE_PREFIX_PATH=${CMAKE_PREFIX_PATH}:/opt/ros/humble /usr/bin/cmake --build /home/gswt/gswt/armstrong_robot/armstrong_ws/build/armstrong_controller -- -j16 -l16
[0.123s] Invoking command in '/home/gswt/gswt/armstrong_robot/armstrong_ws/build/armstrong_controller': CMAKE_PREFIX_PATH=${CMAKE_PREFIX_PATH}:/opt/ros/humble /usr/bin/cmake --install /home/gswt/gswt/armstrong_robot/armstrong_ws/build/armstrong_controller
[0.133s] -- Install configuration: ""
[0.134s] -- Execute custom install script
[0.134s] -- Up-to-date symlink: /home/gswt/gswt/armstrong_robot/armstrong_ws/install/armstrong_controller/share/armstrong_controller/config/armstrong_v1_controllers.yaml
[0.134s] -- Up-to-date symlink: /home/gswt/gswt/armstrong_robot/armstrong_ws/install/armstrong_controller/share/armstrong_controller/config/effort_teleop.yaml
[0.135s] -- Up-to-date symlink: /home/gswt/gswt/armstrong_robot/armstrong_ws/install/armstrong_controller/share/armstrong_controller/config/oltf_data_acq.yaml
[0.135s] -- Up-to-date symlink: /home/gswt/gswt/armstrong_robot/armstrong_ws/install/armstrong_controller/share/armstrong_controller/launch/controller.launch.py
[0.135s] -- Symlinking: /home/gswt/gswt/armstrong_robot/armstrong_ws/install/armstrong_controller/share/armstrong_controller/launch/teleop.launch.py
[0.147s] -- Up-to-date symlink: /home/gswt/gswt/armstrong_robot/armstrong_ws/install/armstrong_controller/lib/armstrong_controller/oltf_data_acq.py
[0.147s] -- Up-to-date symlink: /home/gswt/gswt/armstrong_robot/armstrong_ws/install/armstrong_controller/lib/armstrong_controller/effort_teleop.py
[0.148s] -- Up-to-date symlink: /home/gswt/gswt/armstrong_robot/armstrong_ws/install/armstrong_controller/share/ament_index/resource_index/package_run_dependencies/armstrong_controller
[0.148s] -- Up-to-date symlink: /home/gswt/gswt/armstrong_robot/armstrong_ws/install/armstrong_controller/share/ament_index/resource_index/parent_prefix_path/armstrong_controller
[0.148s] -- Up-to-date symlink: /home/gswt/gswt/armstrong_robot/armstrong_ws/install/armstrong_controller/share/armstrong_controller/environment/ament_prefix_path.sh
[0.148s] -- Up-to-date symlink: /home/gswt/gswt/armstrong_robot/armstrong_ws/install/armstrong_controller/share/armstrong_controller/environment/ament_prefix_path.dsv
[0.148s] -- Up-to-date symlink: /home/gswt/gswt/armstrong_robot/armstrong_ws/install/armstrong_controller/share/armstrong_controller/environment/path.sh
[0.148s] -- Up-to-date symlink: /home/gswt/gswt/armstrong_robot/armstrong_ws/install/armstrong_controller/share/armstrong_controller/environment/path.dsv
[0.148s] -- Up-to-date symlink: /home/gswt/gswt/armstrong_robot/armstrong_ws/install/armstrong_controller/share/armstrong_controller/local_setup.bash
[0.149s] -- Up-to-date symlink: /home/gswt/gswt/armstrong_robot/armstrong_ws/install/armstrong_controller/share/armstrong_controller/local_setup.sh
[0.149s] -- Up-to-date symlink: /home/gswt/gswt/armstrong_robot/armstrong_ws/install/armstrong_controller/share/armstrong_controller/local_setup.zsh
[0.149s] -- Up-to-date symlink: /home/gswt/gswt/armstrong_robot/armstrong_ws/install/armstrong_controller/share/armstrong_controller/local_setup.dsv
[0.149s] -- Symlinking: /home/gswt/gswt/armstrong_robot/armstrong_ws/install/armstrong_controller/share/armstrong_controller/package.dsv
[0.162s] -- Up-to-date symlink: /home/gswt/gswt/armstrong_robot/armstrong_ws/install/armstrong_controller/share/ament_index/resource_index/packages/armstrong_controller
[0.162s] -- Up-to-date symlink: /home/gswt/gswt/armstrong_robot/armstrong_ws/install/armstrong_controller/share/armstrong_controller/cmake/armstrong_controllerConfig.cmake
[0.163s] -- Up-to-date symlink: /home/gswt/gswt/armstrong_robot/armstrong_ws/install/armstrong_controller/share/armstrong_controller/cmake/armstrong_controllerConfig-version.cmake
[0.163s] -- Up-to-date symlink: /home/gswt/gswt/armstrong_robot/armstrong_ws/install/armstrong_controller/share/armstrong_controller/package.xml
[0.176s] Invoked command in '/home/gswt/gswt/armstrong_robot/armstrong_ws/build/armstrong_controller' returned '0': CMAKE_PREFIX_PATH=${CMAKE_PREFIX_PATH}:/opt/ros/humble /usr/bin/cmake --install /home/gswt/gswt/armstrong_robot/armstrong_ws/build/armstrong_controller
