[0.093s] [34mcolcon[0m [1;30mDEBUG[0m [32mCommand line arguments: ['/usr/bin/colcon', 'build', '--symlink-install'][0m
[0.093s] [34mcolcon[0m [1;30mDEBUG[0m [32mParsed command line arguments: Namespace(log_base=None, log_level=None, verb_name='build', build_base='build', install_base='install', merge_install=False, symlink_install=True, test_result_base=None, continue_on_error=False, executor='parallel', parallel_workers=16, event_handlers=None, ignore_user_meta=False, metas=['./colcon.meta'], base_paths=['.'], packages_ignore=None, packages_ignore_regex=None, paths=None, packages_up_to=None, packages_up_to_regex=None, packages_above=None, packages_above_and_dependencies=None, packages_above_depth=None, packages_select_by_dep=None, packages_skip_by_dep=None, packages_skip_up_to=None, packages_select_build_failed=False, packages_skip_build_finished=False, packages_select_test_failures=False, packages_skip_test_passed=False, packages_select=None, packages_skip=None, packages_select_regex=None, packages_skip_regex=None, packages_start=None, packages_end=None, allow_overriding=[], cmake_args=None, cmake_target=None, cmake_target_skip_unavailable=False, cmake_clean_cache=False, cmake_clean_first=False, cmake_force_configure=False, ament_cmake_args=None, catkin_cmake_args=None, catkin_skip_building_tests=False, verb_parser=<colcon_defaults.argument_parser.defaults.DefaultArgumentsDecorator object at 0x7920ae650dc0>, verb_extension=<colcon_core.verb.build.BuildVerb object at 0x7920ae7ca680>, main=<bound method BuildVerb.main of <colcon_core.verb.build.BuildVerb object at 0x7920ae7ca680>>)[0m
[0.274s] [34mcolcon.colcon_core.package_discovery[0m [1;30mLevel 1[0m discover_packages(colcon_meta) check parameters
[0.274s] [34mcolcon.colcon_core.package_discovery[0m [1;30mLevel 1[0m discover_packages(recursive) check parameters
[0.274s] [34mcolcon.colcon_core.package_discovery[0m [1;30mLevel 1[0m discover_packages(ignore) check parameters
[0.274s] [34mcolcon.colcon_core.package_discovery[0m [1;30mLevel 1[0m discover_packages(path) check parameters
[0.274s] [34mcolcon.colcon_core.package_discovery[0m [1;30mLevel 1[0m discover_packages(colcon_meta) discover
[0.274s] [34mcolcon.colcon_core.package_discovery[0m [1;30mLevel 1[0m discover_packages(recursive) discover
[0.274s] [34mcolcon.colcon_core.package_discovery[0m [1;30mINFO[0m Crawling recursively for packages in '/home/gswt/gswt/armstrong_robot/armstrong_ws'
[0.274s] [34mcolcon.colcon_core.package_identification[0m [1;30mLevel 1[0m _identify(.) by extensions ['ignore', 'ignore_ament_install']
[0.274s] [34mcolcon.colcon_core.package_identification[0m [1;30mLevel 1[0m _identify(.) by extension 'ignore'
[0.274s] [34mcolcon.colcon_core.package_identification[0m [1;30mLevel 1[0m _identify(.) by extension 'ignore_ament_install'
[0.274s] [34mcolcon.colcon_core.package_identification[0m [1;30mLevel 1[0m _identify(.) by extensions ['colcon_pkg']
[0.274s] [34mcolcon.colcon_core.package_identification[0m [1;30mLevel 1[0m _identify(.) by extension 'colcon_pkg'
[0.274s] [34mcolcon.colcon_core.package_identification[0m [1;30mLevel 1[0m _identify(.) by extensions ['colcon_meta']
[0.274s] [34mcolcon.colcon_core.package_identification[0m [1;30mLevel 1[0m _identify(.) by extension 'colcon_meta'
[0.274s] [34mcolcon.colcon_core.package_identification[0m [1;30mLevel 1[0m _identify(.) by extensions ['ros']
[0.274s] [34mcolcon.colcon_core.package_identification[0m [1;30mLevel 1[0m _identify(.) by extension 'ros'
[0.282s] [34mcolcon.colcon_core.package_identification[0m [1;30mLevel 1[0m _identify(.) by extensions ['cmake', 'python']
[0.282s] [34mcolcon.colcon_core.package_identification[0m [1;30mLevel 1[0m _identify(.) by extension 'cmake'
[0.283s] [34mcolcon.colcon_core.package_identification[0m [1;30mLevel 1[0m _identify(.) by extension 'python'
[0.283s] [34mcolcon.colcon_core.package_identification[0m [1;30mLevel 1[0m _identify(.) by extensions ['python_setup_py']
[0.283s] [34mcolcon.colcon_core.package_identification[0m [1;30mLevel 1[0m _identify(.) by extension 'python_setup_py'
[0.283s] [34mcolcon.colcon_core.package_identification[0m [1;30mLevel 1[0m _identify(build) by extensions ['ignore', 'ignore_ament_install']
[0.283s] [34mcolcon.colcon_core.package_identification[0m [1;30mLevel 1[0m _identify(build) by extension 'ignore'
[0.283s] [34mcolcon.colcon_core.package_identification[0m [1;30mLevel 1[0m _identify(build) ignored
[0.283s] [34mcolcon.colcon_core.package_identification[0m [1;30mLevel 1[0m _identify(install) by extensions ['ignore', 'ignore_ament_install']
[0.283s] [34mcolcon.colcon_core.package_identification[0m [1;30mLevel 1[0m _identify(install) by extension 'ignore'
[0.283s] [34mcolcon.colcon_core.package_identification[0m [1;30mLevel 1[0m _identify(install) ignored
[0.283s] [34mcolcon.colcon_core.package_identification[0m [1;30mLevel 1[0m _identify(log) by extensions ['ignore', 'ignore_ament_install']
[0.283s] [34mcolcon.colcon_core.package_identification[0m [1;30mLevel 1[0m _identify(log) by extension 'ignore'
[0.283s] [34mcolcon.colcon_core.package_identification[0m [1;30mLevel 1[0m _identify(log) ignored
[0.283s] [34mcolcon.colcon_core.package_identification[0m [1;30mLevel 1[0m _identify(src) by extensions ['ignore', 'ignore_ament_install']
[0.283s] [34mcolcon.colcon_core.package_identification[0m [1;30mLevel 1[0m _identify(src) by extension 'ignore'
[0.283s] [34mcolcon.colcon_core.package_identification[0m [1;30mLevel 1[0m _identify(src) by extension 'ignore_ament_install'
[0.283s] [34mcolcon.colcon_core.package_identification[0m [1;30mLevel 1[0m _identify(src) by extensions ['colcon_pkg']
[0.283s] [34mcolcon.colcon_core.package_identification[0m [1;30mLevel 1[0m _identify(src) by extension 'colcon_pkg'
[0.284s] [34mcolcon.colcon_core.package_identification[0m [1;30mLevel 1[0m _identify(src) by extensions ['colcon_meta']
[0.284s] [34mcolcon.colcon_core.package_identification[0m [1;30mLevel 1[0m _identify(src) by extension 'colcon_meta'
[0.284s] [34mcolcon.colcon_core.package_identification[0m [1;30mLevel 1[0m _identify(src) by extensions ['ros']
[0.284s] [34mcolcon.colcon_core.package_identification[0m [1;30mLevel 1[0m _identify(src) by extension 'ros'
[0.284s] [34mcolcon.colcon_core.package_identification[0m [1;30mLevel 1[0m _identify(src) by extensions ['cmake', 'python']
[0.284s] [34mcolcon.colcon_core.package_identification[0m [1;30mLevel 1[0m _identify(src) by extension 'cmake'
[0.284s] [34mcolcon.colcon_core.package_identification[0m [1;30mLevel 1[0m _identify(src) by extension 'python'
[0.284s] [34mcolcon.colcon_core.package_identification[0m [1;30mLevel 1[0m _identify(src) by extensions ['python_setup_py']
[0.284s] [34mcolcon.colcon_core.package_identification[0m [1;30mLevel 1[0m _identify(src) by extension 'python_setup_py'
[0.284s] [34mcolcon.colcon_core.package_identification[0m [1;30mLevel 1[0m _identify(src/armstrong_bringup) by extensions ['ignore', 'ignore_ament_install']
[0.284s] [34mcolcon.colcon_core.package_identification[0m [1;30mLevel 1[0m _identify(src/armstrong_bringup) by extension 'ignore'
[0.284s] [34mcolcon.colcon_core.package_identification[0m [1;30mLevel 1[0m _identify(src/armstrong_bringup) by extension 'ignore_ament_install'
[0.284s] [34mcolcon.colcon_core.package_identification[0m [1;30mLevel 1[0m _identify(src/armstrong_bringup) by extensions ['colcon_pkg']
[0.284s] [34mcolcon.colcon_core.package_identification[0m [1;30mLevel 1[0m _identify(src/armstrong_bringup) by extension 'colcon_pkg'
[0.284s] [34mcolcon.colcon_core.package_identification[0m [1;30mLevel 1[0m _identify(src/armstrong_bringup) by extensions ['colcon_meta']
[0.284s] [34mcolcon.colcon_core.package_identification[0m [1;30mLevel 1[0m _identify(src/armstrong_bringup) by extension 'colcon_meta'
[0.284s] [34mcolcon.colcon_core.package_identification[0m [1;30mLevel 1[0m _identify(src/armstrong_bringup) by extensions ['ros']
[0.284s] [34mcolcon.colcon_core.package_identification[0m [1;30mLevel 1[0m _identify(src/armstrong_bringup) by extension 'ros'
[0.286s] [34mcolcon.colcon_core.package_identification[0m [1;30mDEBUG[0m [32mPackage 'src/armstrong_bringup' with type 'ros.ament_cmake' and name 'armstrong_bringup'[0m
[0.286s] [34mcolcon.colcon_core.package_identification[0m [1;30mLevel 1[0m _identify(src/armstrong_controller) by extensions ['ignore', 'ignore_ament_install']
[0.286s] [34mcolcon.colcon_core.package_identification[0m [1;30mLevel 1[0m _identify(src/armstrong_controller) by extension 'ignore'
[0.286s] [34mcolcon.colcon_core.package_identification[0m [1;30mLevel 1[0m _identify(src/armstrong_controller) by extension 'ignore_ament_install'
[0.286s] [34mcolcon.colcon_core.package_identification[0m [1;30mLevel 1[0m _identify(src/armstrong_controller) by extensions ['colcon_pkg']
[0.286s] [34mcolcon.colcon_core.package_identification[0m [1;30mLevel 1[0m _identify(src/armstrong_controller) by extension 'colcon_pkg'
[0.286s] [34mcolcon.colcon_core.package_identification[0m [1;30mLevel 1[0m _identify(src/armstrong_controller) by extensions ['colcon_meta']
[0.286s] [34mcolcon.colcon_core.package_identification[0m [1;30mLevel 1[0m _identify(src/armstrong_controller) by extension 'colcon_meta'
[0.286s] [34mcolcon.colcon_core.package_identification[0m [1;30mLevel 1[0m _identify(src/armstrong_controller) by extensions ['ros']
[0.286s] [34mcolcon.colcon_core.package_identification[0m [1;30mLevel 1[0m _identify(src/armstrong_controller) by extension 'ros'
[0.287s] [34mcolcon.colcon_core.package_identification[0m [1;30mDEBUG[0m [32mPackage 'src/armstrong_controller' with type 'ros.ament_cmake' and name 'armstrong_controller'[0m
[0.287s] [34mcolcon.colcon_core.package_identification[0m [1;30mLevel 1[0m _identify(src/armstrong_description) by extensions ['ignore', 'ignore_ament_install']
[0.287s] [34mcolcon.colcon_core.package_identification[0m [1;30mLevel 1[0m _identify(src/armstrong_description) by extension 'ignore'
[0.287s] [34mcolcon.colcon_core.package_identification[0m [1;30mLevel 1[0m _identify(src/armstrong_description) by extension 'ignore_ament_install'
[0.287s] [34mcolcon.colcon_core.package_identification[0m [1;30mLevel 1[0m _identify(src/armstrong_description) by extensions ['colcon_pkg']
[0.287s] [34mcolcon.colcon_core.package_identification[0m [1;30mLevel 1[0m _identify(src/armstrong_description) by extension 'colcon_pkg'
[0.287s] [34mcolcon.colcon_core.package_identification[0m [1;30mLevel 1[0m _identify(src/armstrong_description) by extensions ['colcon_meta']
[0.287s] [34mcolcon.colcon_core.package_identification[0m [1;30mLevel 1[0m _identify(src/armstrong_description) by extension 'colcon_meta'
[0.287s] [34mcolcon.colcon_core.package_identification[0m [1;30mLevel 1[0m _identify(src/armstrong_description) by extensions ['ros']
[0.287s] [34mcolcon.colcon_core.package_identification[0m [1;30mLevel 1[0m _identify(src/armstrong_description) by extension 'ros'
[0.288s] [34mcolcon.colcon_core.package_identification[0m [1;30mDEBUG[0m [32mPackage 'src/armstrong_description' with type 'ros.ament_cmake' and name 'armstrong_description'[0m
[0.288s] [34mcolcon.colcon_core.package_discovery[0m [1;30mLevel 1[0m discover_packages(recursive) using defaults
[0.288s] [34mcolcon.colcon_core.package_discovery[0m [1;30mLevel 1[0m discover_packages(ignore) discover
[0.288s] [34mcolcon.colcon_core.package_discovery[0m [1;30mLevel 1[0m discover_packages(ignore) using defaults
[0.288s] [34mcolcon.colcon_core.package_discovery[0m [1;30mLevel 1[0m discover_packages(path) discover
[0.288s] [34mcolcon.colcon_core.package_discovery[0m [1;30mLevel 1[0m discover_packages(path) using defaults
[0.300s] [34mcolcon.colcon_core.package_discovery[0m [1;30mLevel 1[0m discover_packages(prefix_path) check parameters
[0.300s] [34mcolcon.colcon_core.package_discovery[0m [1;30mLevel 1[0m discover_packages(prefix_path) discover
[0.301s] [34mcolcon.colcon_ros.prefix_path.ament[0m [1;30mWARNING[0m [33mThe path '/home/gswt/gswt/armstrong_robot/armstrong_ws/install/armstrong_description' in the environment variable AMENT_PREFIX_PATH doesn't exist[0m
[0.301s] [34mcolcon.colcon_ros.prefix_path.ament[0m [1;30mWARNING[0m [33mThe path '/home/gswt/gswt/armstrong_robot/armstrong_ws/install/armstrong_controller' in the environment variable AMENT_PREFIX_PATH doesn't exist[0m
[0.301s] [34mcolcon.colcon_ros.prefix_path.ament[0m [1;30mWARNING[0m [33mThe path '/home/gswt/gswt/armstrong_robot/armstrong_ws/install/armstrong_bringup' in the environment variable AMENT_PREFIX_PATH doesn't exist[0m
[0.301s] [34mcolcon.colcon_ros.prefix_path.catkin[0m [1;30mWARNING[0m [33mThe path '/home/gswt/gswt/armstrong_robot/armstrong_ws/install/armstrong_description' in the environment variable CMAKE_PREFIX_PATH doesn't exist[0m
[0.301s] [34mcolcon.colcon_ros.prefix_path.catkin[0m [1;30mWARNING[0m [33mThe path '/home/gswt/gswt/armstrong_robot/armstrong_ws/install/armstrong_controller' in the environment variable CMAKE_PREFIX_PATH doesn't exist[0m
[0.301s] [34mcolcon.colcon_ros.prefix_path.catkin[0m [1;30mWARNING[0m [33mThe path '/home/gswt/gswt/armstrong_robot/armstrong_ws/install/armstrong_bringup' in the environment variable CMAKE_PREFIX_PATH doesn't exist[0m
[0.302s] [34mcolcon.colcon_installed_package_information.package_discovery[0m [1;30mDEBUG[0m [32mFound 0 installed packages in /home/gswt/gswt/armstrong_robot/armstrong_ws/install[0m
[0.302s] [34mcolcon.colcon_installed_package_information.package_discovery[0m [1;30mDEBUG[0m [32mFound 4 installed packages in /home/gswt/gswt/krai2025_ws/install[0m
[0.304s] [34mcolcon.colcon_installed_package_information.package_discovery[0m [1;30mDEBUG[0m [32mFound 425 installed packages in /opt/ros/humble[0m
[0.305s] [34mcolcon.colcon_core.package_discovery[0m [1;30mLevel 1[0m discover_packages(prefix_path) using defaults
[0.345s] [34mcolcon.colcon_core.verb[0m [1;30mLevel 5[0m set package 'armstrong_bringup' build argument 'cmake_args' from command line to 'None'
[0.345s] [34mcolcon.colcon_core.verb[0m [1;30mLevel 5[0m set package 'armstrong_bringup' build argument 'cmake_target' from command line to 'None'
[0.346s] [34mcolcon.colcon_core.verb[0m [1;30mLevel 5[0m set package 'armstrong_bringup' build argument 'cmake_target_skip_unavailable' from command line to 'False'
[0.346s] [34mcolcon.colcon_core.verb[0m [1;30mLevel 5[0m set package 'armstrong_bringup' build argument 'cmake_clean_cache' from command line to 'False'
[0.346s] [34mcolcon.colcon_core.verb[0m [1;30mLevel 5[0m set package 'armstrong_bringup' build argument 'cmake_clean_first' from command line to 'False'
[0.346s] [34mcolcon.colcon_core.verb[0m [1;30mLevel 5[0m set package 'armstrong_bringup' build argument 'cmake_force_configure' from command line to 'False'
[0.346s] [34mcolcon.colcon_core.verb[0m [1;30mLevel 5[0m set package 'armstrong_bringup' build argument 'ament_cmake_args' from command line to 'None'
[0.346s] [34mcolcon.colcon_core.verb[0m [1;30mLevel 5[0m set package 'armstrong_bringup' build argument 'catkin_cmake_args' from command line to 'None'
[0.346s] [34mcolcon.colcon_core.verb[0m [1;30mLevel 5[0m set package 'armstrong_bringup' build argument 'catkin_skip_building_tests' from command line to 'False'
[0.346s] [34mcolcon.colcon_core.verb[0m [1;30mDEBUG[0m [32mBuilding package 'armstrong_bringup' with the following arguments: {'ament_cmake_args': None, 'build_base': '/home/gswt/gswt/armstrong_robot/armstrong_ws/build/armstrong_bringup', 'catkin_cmake_args': None, 'catkin_skip_building_tests': False, 'cmake_args': None, 'cmake_clean_cache': False, 'cmake_clean_first': False, 'cmake_force_configure': False, 'cmake_target': None, 'cmake_target_skip_unavailable': False, 'install_base': '/home/gswt/gswt/armstrong_robot/armstrong_ws/install/armstrong_bringup', 'merge_install': False, 'path': '/home/gswt/gswt/armstrong_robot/armstrong_ws/src/armstrong_bringup', 'symlink_install': True, 'test_result_base': None}[0m
[0.346s] [34mcolcon.colcon_core.verb[0m [1;30mLevel 5[0m set package 'armstrong_controller' build argument 'cmake_args' from command line to 'None'
[0.346s] [34mcolcon.colcon_core.verb[0m [1;30mLevel 5[0m set package 'armstrong_controller' build argument 'cmake_target' from command line to 'None'
[0.346s] [34mcolcon.colcon_core.verb[0m [1;30mLevel 5[0m set package 'armstrong_controller' build argument 'cmake_target_skip_unavailable' from command line to 'False'
[0.346s] [34mcolcon.colcon_core.verb[0m [1;30mLevel 5[0m set package 'armstrong_controller' build argument 'cmake_clean_cache' from command line to 'False'
[0.346s] [34mcolcon.colcon_core.verb[0m [1;30mLevel 5[0m set package 'armstrong_controller' build argument 'cmake_clean_first' from command line to 'False'
[0.346s] [34mcolcon.colcon_core.verb[0m [1;30mLevel 5[0m set package 'armstrong_controller' build argument 'cmake_force_configure' from command line to 'False'
[0.346s] [34mcolcon.colcon_core.verb[0m [1;30mLevel 5[0m set package 'armstrong_controller' build argument 'ament_cmake_args' from command line to 'None'
[0.346s] [34mcolcon.colcon_core.verb[0m [1;30mLevel 5[0m set package 'armstrong_controller' build argument 'catkin_cmake_args' from command line to 'None'
[0.346s] [34mcolcon.colcon_core.verb[0m [1;30mLevel 5[0m set package 'armstrong_controller' build argument 'catkin_skip_building_tests' from command line to 'False'
[0.346s] [34mcolcon.colcon_core.verb[0m [1;30mDEBUG[0m [32mBuilding package 'armstrong_controller' with the following arguments: {'ament_cmake_args': None, 'build_base': '/home/gswt/gswt/armstrong_robot/armstrong_ws/build/armstrong_controller', 'catkin_cmake_args': None, 'catkin_skip_building_tests': False, 'cmake_args': None, 'cmake_clean_cache': False, 'cmake_clean_first': False, 'cmake_force_configure': False, 'cmake_target': None, 'cmake_target_skip_unavailable': False, 'install_base': '/home/gswt/gswt/armstrong_robot/armstrong_ws/install/armstrong_controller', 'merge_install': False, 'path': '/home/gswt/gswt/armstrong_robot/armstrong_ws/src/armstrong_controller', 'symlink_install': True, 'test_result_base': None}[0m
[0.347s] [34mcolcon.colcon_core.verb[0m [1;30mLevel 5[0m set package 'armstrong_description' build argument 'cmake_args' from command line to 'None'
[0.347s] [34mcolcon.colcon_core.verb[0m [1;30mLevel 5[0m set package 'armstrong_description' build argument 'cmake_target' from command line to 'None'
[0.347s] [34mcolcon.colcon_core.verb[0m [1;30mLevel 5[0m set package 'armstrong_description' build argument 'cmake_target_skip_unavailable' from command line to 'False'
[0.347s] [34mcolcon.colcon_core.verb[0m [1;30mLevel 5[0m set package 'armstrong_description' build argument 'cmake_clean_cache' from command line to 'False'
[0.347s] [34mcolcon.colcon_core.verb[0m [1;30mLevel 5[0m set package 'armstrong_description' build argument 'cmake_clean_first' from command line to 'False'
[0.347s] [34mcolcon.colcon_core.verb[0m [1;30mLevel 5[0m set package 'armstrong_description' build argument 'cmake_force_configure' from command line to 'False'
[0.347s] [34mcolcon.colcon_core.verb[0m [1;30mLevel 5[0m set package 'armstrong_description' build argument 'ament_cmake_args' from command line to 'None'
[0.347s] [34mcolcon.colcon_core.verb[0m [1;30mLevel 5[0m set package 'armstrong_description' build argument 'catkin_cmake_args' from command line to 'None'
[0.347s] [34mcolcon.colcon_core.verb[0m [1;30mLevel 5[0m set package 'armstrong_description' build argument 'catkin_skip_building_tests' from command line to 'False'
[0.347s] [34mcolcon.colcon_core.verb[0m [1;30mDEBUG[0m [32mBuilding package 'armstrong_description' with the following arguments: {'ament_cmake_args': None, 'build_base': '/home/gswt/gswt/armstrong_robot/armstrong_ws/build/armstrong_description', 'catkin_cmake_args': None, 'catkin_skip_building_tests': False, 'cmake_args': None, 'cmake_clean_cache': False, 'cmake_clean_first': False, 'cmake_force_configure': False, 'cmake_target': None, 'cmake_target_skip_unavailable': False, 'install_base': '/home/gswt/gswt/armstrong_robot/armstrong_ws/install/armstrong_description', 'merge_install': False, 'path': '/home/gswt/gswt/armstrong_robot/armstrong_ws/src/armstrong_description', 'symlink_install': True, 'test_result_base': None}[0m
[0.347s] [34mcolcon.colcon_core.executor[0m [1;30mINFO[0m Executing jobs using 'parallel' executor
[0.348s] [34mcolcon.colcon_parallel_executor.executor.parallel[0m [1;30mDEBUG[0m [32mrun_until_complete[0m
[0.348s] [34mcolcon.colcon_ros.task.ament_cmake.build[0m [1;30mINFO[0m Building ROS package in '/home/gswt/gswt/armstrong_robot/armstrong_ws/src/armstrong_bringup' with build type 'ament_cmake'
[0.348s] [34mcolcon.colcon_cmake.task.cmake.build[0m [1;30mINFO[0m Building CMake package in '/home/gswt/gswt/armstrong_robot/armstrong_ws/src/armstrong_bringup'
[0.350s] [34mcolcon.colcon_core.plugin_system[0m [1;30mINFO[0m Skipping extension 'colcon_core.shell.bat': Not used on non-Windows systems
[0.350s] [34mcolcon.colcon_core.shell[0m [1;30mINFO[0m Skip shell extension 'powershell' for command environment: Not usable outside of PowerShell
[0.350s] [34mcolcon.colcon_core.shell[0m [1;30mDEBUG[0m [32mSkip shell extension 'dsv' for command environment[0m
[0.353s] [34mcolcon.colcon_ros.task.ament_cmake.build[0m [1;30mINFO[0m Building ROS package in '/home/gswt/gswt/armstrong_robot/armstrong_ws/src/armstrong_controller' with build type 'ament_cmake'
[0.353s] [34mcolcon.colcon_cmake.task.cmake.build[0m [1;30mINFO[0m Building CMake package in '/home/gswt/gswt/armstrong_robot/armstrong_ws/src/armstrong_controller'
[0.354s] [34mcolcon.colcon_core.shell[0m [1;30mINFO[0m Skip shell extension 'powershell' for command environment: Not usable outside of PowerShell
[0.354s] [34mcolcon.colcon_core.shell[0m [1;30mDEBUG[0m [32mSkip shell extension 'dsv' for command environment[0m
[0.357s] [34mcolcon.colcon_ros.task.ament_cmake.build[0m [1;30mINFO[0m Building ROS package in '/home/gswt/gswt/armstrong_robot/armstrong_ws/src/armstrong_description' with build type 'ament_cmake'
[0.357s] [34mcolcon.colcon_cmake.task.cmake.build[0m [1;30mINFO[0m Building CMake package in '/home/gswt/gswt/armstrong_robot/armstrong_ws/src/armstrong_description'
[0.357s] [34mcolcon.colcon_core.shell[0m [1;30mINFO[0m Skip shell extension 'powershell' for command environment: Not usable outside of PowerShell
[0.357s] [34mcolcon.colcon_core.shell[0m [1;30mDEBUG[0m [32mSkip shell extension 'dsv' for command environment[0m
[0.364s] [34mcolcon.colcon_core.event_handler.log_command[0m [1;30mDEBUG[0m [32mInvoking command in '/home/gswt/gswt/armstrong_robot/armstrong_ws/build/armstrong_bringup': CMAKE_PREFIX_PATH=${CMAKE_PREFIX_PATH}:/opt/ros/humble /usr/bin/cmake /home/gswt/gswt/armstrong_robot/armstrong_ws/src/armstrong_bringup -DAMENT_CMAKE_SYMLINK_INSTALL=1 -DCMAKE_INSTALL_PREFIX=/home/gswt/gswt/armstrong_robot/armstrong_ws/install/armstrong_bringup[0m
[0.367s] [34mcolcon.colcon_core.event_handler.log_command[0m [1;30mDEBUG[0m [32mInvoking command in '/home/gswt/gswt/armstrong_robot/armstrong_ws/build/armstrong_controller': CMAKE_PREFIX_PATH=${CMAKE_PREFIX_PATH}:/opt/ros/humble /usr/bin/cmake /home/gswt/gswt/armstrong_robot/armstrong_ws/src/armstrong_controller -DAMENT_CMAKE_SYMLINK_INSTALL=1 -DCMAKE_INSTALL_PREFIX=/home/gswt/gswt/armstrong_robot/armstrong_ws/install/armstrong_controller[0m
[0.369s] [34mcolcon.colcon_core.event_handler.log_command[0m [1;30mDEBUG[0m [32mInvoking command in '/home/gswt/gswt/armstrong_robot/armstrong_ws/build/armstrong_description': CMAKE_PREFIX_PATH=${CMAKE_PREFIX_PATH}:/opt/ros/humble /usr/bin/cmake /home/gswt/gswt/armstrong_robot/armstrong_ws/src/armstrong_description -DAMENT_CMAKE_SYMLINK_INSTALL=1 -DCMAKE_INSTALL_PREFIX=/home/gswt/gswt/armstrong_robot/armstrong_ws/install/armstrong_description[0m
[0.936s] [34mcolcon.colcon_core.event_handler.log_command[0m [1;30mDEBUG[0m [32mInvoked command in '/home/gswt/gswt/armstrong_robot/armstrong_ws/build/armstrong_description' returned '0': CMAKE_PREFIX_PATH=${CMAKE_PREFIX_PATH}:/opt/ros/humble /usr/bin/cmake /home/gswt/gswt/armstrong_robot/armstrong_ws/src/armstrong_description -DAMENT_CMAKE_SYMLINK_INSTALL=1 -DCMAKE_INSTALL_PREFIX=/home/gswt/gswt/armstrong_robot/armstrong_ws/install/armstrong_description[0m
[0.938s] [34mcolcon.colcon_core.event_handler.log_command[0m [1;30mDEBUG[0m [32mInvoking command in '/home/gswt/gswt/armstrong_robot/armstrong_ws/build/armstrong_description': CMAKE_PREFIX_PATH=${CMAKE_PREFIX_PATH}:/opt/ros/humble /usr/bin/cmake --build /home/gswt/gswt/armstrong_robot/armstrong_ws/build/armstrong_description -- -j16 -l16[0m
[0.939s] [34mcolcon.colcon_core.event_handler.log_command[0m [1;30mDEBUG[0m [32mInvoked command in '/home/gswt/gswt/armstrong_robot/armstrong_ws/build/armstrong_controller' returned '0': CMAKE_PREFIX_PATH=${CMAKE_PREFIX_PATH}:/opt/ros/humble /usr/bin/cmake /home/gswt/gswt/armstrong_robot/armstrong_ws/src/armstrong_controller -DAMENT_CMAKE_SYMLINK_INSTALL=1 -DCMAKE_INSTALL_PREFIX=/home/gswt/gswt/armstrong_robot/armstrong_ws/install/armstrong_controller[0m
[0.940s] [34mcolcon.colcon_core.event_handler.log_command[0m [1;30mDEBUG[0m [32mInvoking command in '/home/gswt/gswt/armstrong_robot/armstrong_ws/build/armstrong_controller': CMAKE_PREFIX_PATH=${CMAKE_PREFIX_PATH}:/opt/ros/humble /usr/bin/cmake --build /home/gswt/gswt/armstrong_robot/armstrong_ws/build/armstrong_controller -- -j16 -l16[0m
[0.940s] [34mcolcon.colcon_core.event_handler.log_command[0m [1;30mDEBUG[0m [32mInvoked command in '/home/gswt/gswt/armstrong_robot/armstrong_ws/build/armstrong_bringup' returned '0': CMAKE_PREFIX_PATH=${CMAKE_PREFIX_PATH}:/opt/ros/humble /usr/bin/cmake /home/gswt/gswt/armstrong_robot/armstrong_ws/src/armstrong_bringup -DAMENT_CMAKE_SYMLINK_INSTALL=1 -DCMAKE_INSTALL_PREFIX=/home/gswt/gswt/armstrong_robot/armstrong_ws/install/armstrong_bringup[0m
[0.942s] [34mcolcon.colcon_core.event_handler.log_command[0m [1;30mDEBUG[0m [32mInvoking command in '/home/gswt/gswt/armstrong_robot/armstrong_ws/build/armstrong_bringup': CMAKE_PREFIX_PATH=${CMAKE_PREFIX_PATH}:/opt/ros/humble /usr/bin/cmake --build /home/gswt/gswt/armstrong_robot/armstrong_ws/build/armstrong_bringup -- -j16 -l16[0m
[0.972s] [34mcolcon.colcon_core.event_handler.log_command[0m [1;30mDEBUG[0m [32mInvoked command in '/home/gswt/gswt/armstrong_robot/armstrong_ws/build/armstrong_controller' returned '0': CMAKE_PREFIX_PATH=${CMAKE_PREFIX_PATH}:/opt/ros/humble /usr/bin/cmake --build /home/gswt/gswt/armstrong_robot/armstrong_ws/build/armstrong_controller -- -j16 -l16[0m
[0.973s] [34mcolcon.colcon_core.event_handler.log_command[0m [1;30mDEBUG[0m [32mInvoked command in '/home/gswt/gswt/armstrong_robot/armstrong_ws/build/armstrong_description' returned '0': CMAKE_PREFIX_PATH=${CMAKE_PREFIX_PATH}:/opt/ros/humble /usr/bin/cmake --build /home/gswt/gswt/armstrong_robot/armstrong_ws/build/armstrong_description -- -j16 -l16[0m
[0.976s] [34mcolcon.colcon_core.event_handler.log_command[0m [1;30mDEBUG[0m [32mInvoked command in '/home/gswt/gswt/armstrong_robot/armstrong_ws/build/armstrong_bringup' returned '0': CMAKE_PREFIX_PATH=${CMAKE_PREFIX_PATH}:/opt/ros/humble /usr/bin/cmake --build /home/gswt/gswt/armstrong_robot/armstrong_ws/build/armstrong_bringup -- -j16 -l16[0m
[1.001s] [34mcolcon.colcon_core.event_handler.log_command[0m [1;30mDEBUG[0m [32mInvoking command in '/home/gswt/gswt/armstrong_robot/armstrong_ws/build/armstrong_controller': CMAKE_PREFIX_PATH=${CMAKE_PREFIX_PATH}:/opt/ros/humble /usr/bin/cmake --install /home/gswt/gswt/armstrong_robot/armstrong_ws/build/armstrong_controller[0m
[1.004s] [34mcolcon.colcon_core.event_handler.log_command[0m [1;30mDEBUG[0m [32mInvoking command in '/home/gswt/gswt/armstrong_robot/armstrong_ws/build/armstrong_description': CMAKE_PREFIX_PATH=${CMAKE_PREFIX_PATH}:/opt/ros/humble /usr/bin/cmake --install /home/gswt/gswt/armstrong_robot/armstrong_ws/build/armstrong_description[0m
[1.005s] [34mcolcon.colcon_core.event_handler.log_command[0m [1;30mDEBUG[0m [32mInvoking command in '/home/gswt/gswt/armstrong_robot/armstrong_ws/build/armstrong_bringup': CMAKE_PREFIX_PATH=${CMAKE_PREFIX_PATH}:/opt/ros/humble /usr/bin/cmake --install /home/gswt/gswt/armstrong_robot/armstrong_ws/build/armstrong_bringup[0m
[1.152s] [34mcolcon.colcon_core.environment[0m [1;30mLevel 1[0m create_environment_scripts_only(armstrong_bringup)
[1.153s] [34mcolcon.colcon_core.event_handler.log_command[0m [1;30mDEBUG[0m [32mInvoked command in '/home/gswt/gswt/armstrong_robot/armstrong_ws/build/armstrong_bringup' returned '0': CMAKE_PREFIX_PATH=${CMAKE_PREFIX_PATH}:/opt/ros/humble /usr/bin/cmake --install /home/gswt/gswt/armstrong_robot/armstrong_ws/build/armstrong_bringup[0m
[1.155s] [34mcolcon.colcon_core.environment[0m [1;30mLevel 1[0m checking '/home/gswt/gswt/armstrong_robot/armstrong_ws/install/armstrong_bringup' for CMake module files
[1.155s] [34mcolcon.colcon_core.environment[0m [1;30mLevel 1[0m checking '/home/gswt/gswt/armstrong_robot/armstrong_ws/install/armstrong_bringup' for CMake config files
[1.155s] [34mcolcon.colcon_core.shell[0m [1;30mLevel 1[0m create_environment_hook('armstrong_bringup', 'cmake_prefix_path')
[1.155s] [34mcolcon.colcon_core.shell[0m [1;30mINFO[0m Creating environment hook '/home/gswt/gswt/armstrong_robot/armstrong_ws/install/armstrong_bringup/share/armstrong_bringup/hook/cmake_prefix_path.ps1'
[1.156s] [34mcolcon.colcon_core.shell[0m [1;30mINFO[0m Creating environment descriptor '/home/gswt/gswt/armstrong_robot/armstrong_ws/install/armstrong_bringup/share/armstrong_bringup/hook/cmake_prefix_path.dsv'
[1.156s] [34mcolcon.colcon_core.shell[0m [1;30mINFO[0m Creating environment hook '/home/gswt/gswt/armstrong_robot/armstrong_ws/install/armstrong_bringup/share/armstrong_bringup/hook/cmake_prefix_path.sh'
[1.157s] [34mcolcon.colcon_core.environment[0m [1;30mLevel 1[0m checking '/home/gswt/gswt/armstrong_robot/armstrong_ws/install/armstrong_bringup/bin'
[1.157s] [34mcolcon.colcon_core.environment[0m [1;30mLevel 1[0m checking '/home/gswt/gswt/armstrong_robot/armstrong_ws/install/armstrong_bringup/lib/pkgconfig/armstrong_bringup.pc'
[1.157s] [34mcolcon.colcon_core.environment[0m [1;30mLevel 1[0m checking '/home/gswt/gswt/armstrong_robot/armstrong_ws/install/armstrong_bringup/lib/python3.10/site-packages'
[1.157s] [34mcolcon.colcon_core.environment[0m [1;30mLevel 1[0m checking '/home/gswt/gswt/armstrong_robot/armstrong_ws/install/armstrong_bringup/bin'
[1.158s] [34mcolcon.colcon_core.shell[0m [1;30mINFO[0m Creating package script '/home/gswt/gswt/armstrong_robot/armstrong_ws/install/armstrong_bringup/share/armstrong_bringup/package.ps1'
[1.158s] [34mcolcon.colcon_core.shell[0m [1;30mINFO[0m Creating package descriptor '/home/gswt/gswt/armstrong_robot/armstrong_ws/install/armstrong_bringup/share/armstrong_bringup/package.dsv'
[1.159s] [34mcolcon.colcon_core.shell[0m [1;30mINFO[0m Creating package script '/home/gswt/gswt/armstrong_robot/armstrong_ws/install/armstrong_bringup/share/armstrong_bringup/package.sh'
[1.159s] [34mcolcon.colcon_core.shell[0m [1;30mINFO[0m Creating package script '/home/gswt/gswt/armstrong_robot/armstrong_ws/install/armstrong_bringup/share/armstrong_bringup/package.bash'
[1.160s] [34mcolcon.colcon_core.shell[0m [1;30mINFO[0m Creating package script '/home/gswt/gswt/armstrong_robot/armstrong_ws/install/armstrong_bringup/share/armstrong_bringup/package.zsh'
[1.160s] [34mcolcon.colcon_core.environment[0m [1;30mLevel 1[0m create_file_with_runtime_dependencies(/home/gswt/gswt/armstrong_robot/armstrong_ws/install/armstrong_bringup/share/colcon-core/packages/armstrong_bringup)
[1.162s] [34mcolcon.colcon_core.environment[0m [1;30mLevel 1[0m create_environment_scripts_only(armstrong_controller)
[1.162s] [34mcolcon.colcon_core.environment[0m [1;30mLevel 1[0m checking '/home/gswt/gswt/armstrong_robot/armstrong_ws/install/armstrong_controller' for CMake module files
[1.162s] [34mcolcon.colcon_core.event_handler.log_command[0m [1;30mDEBUG[0m [32mInvoked command in '/home/gswt/gswt/armstrong_robot/armstrong_ws/build/armstrong_controller' returned '0': CMAKE_PREFIX_PATH=${CMAKE_PREFIX_PATH}:/opt/ros/humble /usr/bin/cmake --install /home/gswt/gswt/armstrong_robot/armstrong_ws/build/armstrong_controller[0m
[1.163s] [34mcolcon.colcon_core.environment[0m [1;30mLevel 1[0m checking '/home/gswt/gswt/armstrong_robot/armstrong_ws/install/armstrong_controller' for CMake config files
[1.163s] [34mcolcon.colcon_core.shell[0m [1;30mLevel 1[0m create_environment_hook('armstrong_controller', 'cmake_prefix_path')
[1.163s] [34mcolcon.colcon_core.shell[0m [1;30mINFO[0m Creating environment hook '/home/gswt/gswt/armstrong_robot/armstrong_ws/install/armstrong_controller/share/armstrong_controller/hook/cmake_prefix_path.ps1'
[1.163s] [34mcolcon.colcon_core.shell[0m [1;30mINFO[0m Creating environment descriptor '/home/gswt/gswt/armstrong_robot/armstrong_ws/install/armstrong_controller/share/armstrong_controller/hook/cmake_prefix_path.dsv'
[1.164s] [34mcolcon.colcon_core.shell[0m [1;30mINFO[0m Creating environment hook '/home/gswt/gswt/armstrong_robot/armstrong_ws/install/armstrong_controller/share/armstrong_controller/hook/cmake_prefix_path.sh'
[1.164s] [34mcolcon.colcon_core.environment[0m [1;30mLevel 1[0m checking '/home/gswt/gswt/armstrong_robot/armstrong_ws/install/armstrong_controller/bin'
[1.164s] [34mcolcon.colcon_core.environment[0m [1;30mLevel 1[0m checking '/home/gswt/gswt/armstrong_robot/armstrong_ws/install/armstrong_controller/lib/pkgconfig/armstrong_controller.pc'
[1.164s] [34mcolcon.colcon_core.environment[0m [1;30mLevel 1[0m checking '/home/gswt/gswt/armstrong_robot/armstrong_ws/install/armstrong_controller/lib/python3.10/site-packages'
[1.164s] [34mcolcon.colcon_core.environment[0m [1;30mLevel 1[0m checking '/home/gswt/gswt/armstrong_robot/armstrong_ws/install/armstrong_controller/bin'
[1.165s] [34mcolcon.colcon_core.shell[0m [1;30mINFO[0m Creating package script '/home/gswt/gswt/armstrong_robot/armstrong_ws/install/armstrong_controller/share/armstrong_controller/package.ps1'
[1.165s] [34mcolcon.colcon_core.shell[0m [1;30mINFO[0m Creating package descriptor '/home/gswt/gswt/armstrong_robot/armstrong_ws/install/armstrong_controller/share/armstrong_controller/package.dsv'
[1.165s] [34mcolcon.colcon_core.shell[0m [1;30mINFO[0m Creating package script '/home/gswt/gswt/armstrong_robot/armstrong_ws/install/armstrong_controller/share/armstrong_controller/package.sh'
[1.165s] [34mcolcon.colcon_core.shell[0m [1;30mINFO[0m Creating package script '/home/gswt/gswt/armstrong_robot/armstrong_ws/install/armstrong_controller/share/armstrong_controller/package.bash'
[1.166s] [34mcolcon.colcon_core.shell[0m [1;30mINFO[0m Creating package script '/home/gswt/gswt/armstrong_robot/armstrong_ws/install/armstrong_controller/share/armstrong_controller/package.zsh'
[1.166s] [34mcolcon.colcon_core.environment[0m [1;30mLevel 1[0m create_file_with_runtime_dependencies(/home/gswt/gswt/armstrong_robot/armstrong_ws/install/armstrong_controller/share/colcon-core/packages/armstrong_controller)
[1.181s] [34mcolcon.colcon_core.environment[0m [1;30mLevel 1[0m create_environment_scripts_only(armstrong_bringup)
[1.182s] [34mcolcon.colcon_core.environment[0m [1;30mLevel 1[0m checking '/home/gswt/gswt/armstrong_robot/armstrong_ws/install/armstrong_bringup' for CMake module files
[1.182s] [34mcolcon.colcon_core.environment[0m [1;30mLevel 1[0m checking '/home/gswt/gswt/armstrong_robot/armstrong_ws/install/armstrong_bringup' for CMake config files
[1.182s] [34mcolcon.colcon_core.shell[0m [1;30mLevel 1[0m create_environment_hook('armstrong_bringup', 'cmake_prefix_path')
[1.182s] [34mcolcon.colcon_core.shell[0m [1;30mINFO[0m Creating environment hook '/home/gswt/gswt/armstrong_robot/armstrong_ws/install/armstrong_bringup/share/armstrong_bringup/hook/cmake_prefix_path.ps1'
[1.183s] [34mcolcon.colcon_core.shell[0m [1;30mINFO[0m Creating environment descriptor '/home/gswt/gswt/armstrong_robot/armstrong_ws/install/armstrong_bringup/share/armstrong_bringup/hook/cmake_prefix_path.dsv'
[1.183s] [34mcolcon.colcon_core.shell[0m [1;30mINFO[0m Creating environment hook '/home/gswt/gswt/armstrong_robot/armstrong_ws/install/armstrong_bringup/share/armstrong_bringup/hook/cmake_prefix_path.sh'
[1.183s] [34mcolcon.colcon_core.environment[0m [1;30mLevel 1[0m checking '/home/gswt/gswt/armstrong_robot/armstrong_ws/install/armstrong_bringup/bin'
[1.184s] [34mcolcon.colcon_core.environment[0m [1;30mLevel 1[0m checking '/home/gswt/gswt/armstrong_robot/armstrong_ws/install/armstrong_bringup/lib/pkgconfig/armstrong_bringup.pc'
[1.184s] [34mcolcon.colcon_core.environment[0m [1;30mLevel 1[0m checking '/home/gswt/gswt/armstrong_robot/armstrong_ws/install/armstrong_bringup/lib/python3.10/site-packages'
[1.184s] [34mcolcon.colcon_core.environment[0m [1;30mLevel 1[0m checking '/home/gswt/gswt/armstrong_robot/armstrong_ws/install/armstrong_bringup/bin'
[1.184s] [34mcolcon.colcon_core.shell[0m [1;30mINFO[0m Creating package script '/home/gswt/gswt/armstrong_robot/armstrong_ws/install/armstrong_bringup/share/armstrong_bringup/package.ps1'
[1.184s] [34mcolcon.colcon_core.shell[0m [1;30mINFO[0m Creating package descriptor '/home/gswt/gswt/armstrong_robot/armstrong_ws/install/armstrong_bringup/share/armstrong_bringup/package.dsv'
[1.185s] [34mcolcon.colcon_core.shell[0m [1;30mINFO[0m Creating package script '/home/gswt/gswt/armstrong_robot/armstrong_ws/install/armstrong_bringup/share/armstrong_bringup/package.sh'
[1.185s] [34mcolcon.colcon_core.shell[0m [1;30mINFO[0m Creating package script '/home/gswt/gswt/armstrong_robot/armstrong_ws/install/armstrong_bringup/share/armstrong_bringup/package.bash'
[1.185s] [34mcolcon.colcon_core.shell[0m [1;30mINFO[0m Creating package script '/home/gswt/gswt/armstrong_robot/armstrong_ws/install/armstrong_bringup/share/armstrong_bringup/package.zsh'
[1.186s] [34mcolcon.colcon_core.environment[0m [1;30mLevel 1[0m create_file_with_runtime_dependencies(/home/gswt/gswt/armstrong_robot/armstrong_ws/install/armstrong_bringup/share/colcon-core/packages/armstrong_bringup)
[1.187s] [34mcolcon.colcon_core.environment[0m [1;30mLevel 1[0m create_environment_scripts_only(armstrong_controller)
[1.187s] [34mcolcon.colcon_core.environment[0m [1;30mLevel 1[0m checking '/home/gswt/gswt/armstrong_robot/armstrong_ws/install/armstrong_controller' for CMake module files
[1.188s] [34mcolcon.colcon_core.environment[0m [1;30mLevel 1[0m checking '/home/gswt/gswt/armstrong_robot/armstrong_ws/install/armstrong_controller' for CMake config files
[1.188s] [34mcolcon.colcon_core.shell[0m [1;30mLevel 1[0m create_environment_hook('armstrong_controller', 'cmake_prefix_path')
[1.188s] [34mcolcon.colcon_core.shell[0m [1;30mINFO[0m Creating environment hook '/home/gswt/gswt/armstrong_robot/armstrong_ws/install/armstrong_controller/share/armstrong_controller/hook/cmake_prefix_path.ps1'
[1.188s] [34mcolcon.colcon_core.shell[0m [1;30mINFO[0m Creating environment descriptor '/home/gswt/gswt/armstrong_robot/armstrong_ws/install/armstrong_controller/share/armstrong_controller/hook/cmake_prefix_path.dsv'
[1.188s] [34mcolcon.colcon_core.shell[0m [1;30mINFO[0m Creating environment hook '/home/gswt/gswt/armstrong_robot/armstrong_ws/install/armstrong_controller/share/armstrong_controller/hook/cmake_prefix_path.sh'
[1.189s] [34mcolcon.colcon_core.environment[0m [1;30mLevel 1[0m checking '/home/gswt/gswt/armstrong_robot/armstrong_ws/install/armstrong_controller/bin'
[1.189s] [34mcolcon.colcon_core.environment[0m [1;30mLevel 1[0m checking '/home/gswt/gswt/armstrong_robot/armstrong_ws/install/armstrong_controller/lib/pkgconfig/armstrong_controller.pc'
[1.189s] [34mcolcon.colcon_core.environment[0m [1;30mLevel 1[0m checking '/home/gswt/gswt/armstrong_robot/armstrong_ws/install/armstrong_controller/lib/python3.10/site-packages'
[1.189s] [34mcolcon.colcon_core.environment[0m [1;30mLevel 1[0m checking '/home/gswt/gswt/armstrong_robot/armstrong_ws/install/armstrong_controller/bin'
[1.189s] [34mcolcon.colcon_core.shell[0m [1;30mINFO[0m Creating package script '/home/gswt/gswt/armstrong_robot/armstrong_ws/install/armstrong_controller/share/armstrong_controller/package.ps1'
[1.190s] [34mcolcon.colcon_core.shell[0m [1;30mINFO[0m Creating package descriptor '/home/gswt/gswt/armstrong_robot/armstrong_ws/install/armstrong_controller/share/armstrong_controller/package.dsv'
[1.190s] [34mcolcon.colcon_core.shell[0m [1;30mINFO[0m Creating package script '/home/gswt/gswt/armstrong_robot/armstrong_ws/install/armstrong_controller/share/armstrong_controller/package.sh'
[1.190s] [34mcolcon.colcon_core.shell[0m [1;30mINFO[0m Creating package script '/home/gswt/gswt/armstrong_robot/armstrong_ws/install/armstrong_controller/share/armstrong_controller/package.bash'
[1.191s] [34mcolcon.colcon_core.shell[0m [1;30mINFO[0m Creating package script '/home/gswt/gswt/armstrong_robot/armstrong_ws/install/armstrong_controller/share/armstrong_controller/package.zsh'
[1.191s] [34mcolcon.colcon_core.environment[0m [1;30mLevel 1[0m create_file_with_runtime_dependencies(/home/gswt/gswt/armstrong_robot/armstrong_ws/install/armstrong_controller/share/colcon-core/packages/armstrong_controller)
[1.221s] [34mcolcon.colcon_core.environment[0m [1;30mLevel 1[0m create_environment_scripts_only(armstrong_description)
[1.221s] [34mcolcon.colcon_core.environment[0m [1;30mLevel 1[0m checking '/home/gswt/gswt/armstrong_robot/armstrong_ws/install/armstrong_description' for CMake module files
[1.222s] [34mcolcon.colcon_core.event_handler.log_command[0m [1;30mDEBUG[0m [32mInvoked command in '/home/gswt/gswt/armstrong_robot/armstrong_ws/build/armstrong_description' returned '0': CMAKE_PREFIX_PATH=${CMAKE_PREFIX_PATH}:/opt/ros/humble /usr/bin/cmake --install /home/gswt/gswt/armstrong_robot/armstrong_ws/build/armstrong_description[0m
[1.222s] [34mcolcon.colcon_core.environment[0m [1;30mLevel 1[0m checking '/home/gswt/gswt/armstrong_robot/armstrong_ws/install/armstrong_description' for CMake config files
[1.223s] [34mcolcon.colcon_core.shell[0m [1;30mLevel 1[0m create_environment_hook('armstrong_description', 'cmake_prefix_path')
[1.223s] [34mcolcon.colcon_core.shell[0m [1;30mINFO[0m Creating environment hook '/home/gswt/gswt/armstrong_robot/armstrong_ws/install/armstrong_description/share/armstrong_description/hook/cmake_prefix_path.ps1'
[1.223s] [34mcolcon.colcon_core.shell[0m [1;30mINFO[0m Creating environment descriptor '/home/gswt/gswt/armstrong_robot/armstrong_ws/install/armstrong_description/share/armstrong_description/hook/cmake_prefix_path.dsv'
[1.223s] [34mcolcon.colcon_core.shell[0m [1;30mINFO[0m Creating environment hook '/home/gswt/gswt/armstrong_robot/armstrong_ws/install/armstrong_description/share/armstrong_description/hook/cmake_prefix_path.sh'
[1.224s] [34mcolcon.colcon_core.environment[0m [1;30mLevel 1[0m checking '/home/gswt/gswt/armstrong_robot/armstrong_ws/install/armstrong_description/bin'
[1.224s] [34mcolcon.colcon_core.environment[0m [1;30mLevel 1[0m checking '/home/gswt/gswt/armstrong_robot/armstrong_ws/install/armstrong_description/lib/pkgconfig/armstrong_description.pc'
[1.224s] [34mcolcon.colcon_core.environment[0m [1;30mLevel 1[0m checking '/home/gswt/gswt/armstrong_robot/armstrong_ws/install/armstrong_description/lib/python3.10/site-packages'
[1.224s] [34mcolcon.colcon_core.environment[0m [1;30mLevel 1[0m checking '/home/gswt/gswt/armstrong_robot/armstrong_ws/install/armstrong_description/bin'
[1.224s] [34mcolcon.colcon_core.shell[0m [1;30mINFO[0m Creating package script '/home/gswt/gswt/armstrong_robot/armstrong_ws/install/armstrong_description/share/armstrong_description/package.ps1'
[1.225s] [34mcolcon.colcon_core.shell[0m [1;30mINFO[0m Creating package descriptor '/home/gswt/gswt/armstrong_robot/armstrong_ws/install/armstrong_description/share/armstrong_description/package.dsv'
[1.225s] [34mcolcon.colcon_core.shell[0m [1;30mINFO[0m Creating package script '/home/gswt/gswt/armstrong_robot/armstrong_ws/install/armstrong_description/share/armstrong_description/package.sh'
[1.225s] [34mcolcon.colcon_core.shell[0m [1;30mINFO[0m Creating package script '/home/gswt/gswt/armstrong_robot/armstrong_ws/install/armstrong_description/share/armstrong_description/package.bash'
[1.225s] [34mcolcon.colcon_core.shell[0m [1;30mINFO[0m Creating package script '/home/gswt/gswt/armstrong_robot/armstrong_ws/install/armstrong_description/share/armstrong_description/package.zsh'
[1.226s] [34mcolcon.colcon_core.environment[0m [1;30mLevel 1[0m create_file_with_runtime_dependencies(/home/gswt/gswt/armstrong_robot/armstrong_ws/install/armstrong_description/share/colcon-core/packages/armstrong_description)
[1.247s] [34mcolcon.colcon_core.environment[0m [1;30mLevel 1[0m create_environment_scripts_only(armstrong_description)
[1.247s] [34mcolcon.colcon_core.environment[0m [1;30mLevel 1[0m checking '/home/gswt/gswt/armstrong_robot/armstrong_ws/install/armstrong_description' for CMake module files
[1.248s] [34mcolcon.colcon_core.environment[0m [1;30mLevel 1[0m checking '/home/gswt/gswt/armstrong_robot/armstrong_ws/install/armstrong_description' for CMake config files
[1.248s] [34mcolcon.colcon_core.shell[0m [1;30mLevel 1[0m create_environment_hook('armstrong_description', 'cmake_prefix_path')
[1.248s] [34mcolcon.colcon_core.shell[0m [1;30mINFO[0m Creating environment hook '/home/gswt/gswt/armstrong_robot/armstrong_ws/install/armstrong_description/share/armstrong_description/hook/cmake_prefix_path.ps1'
[1.249s] [34mcolcon.colcon_core.shell[0m [1;30mINFO[0m Creating environment descriptor '/home/gswt/gswt/armstrong_robot/armstrong_ws/install/armstrong_description/share/armstrong_description/hook/cmake_prefix_path.dsv'
[1.250s] [34mcolcon.colcon_core.shell[0m [1;30mINFO[0m Creating environment hook '/home/gswt/gswt/armstrong_robot/armstrong_ws/install/armstrong_description/share/armstrong_description/hook/cmake_prefix_path.sh'
[1.250s] [34mcolcon.colcon_core.environment[0m [1;30mLevel 1[0m checking '/home/gswt/gswt/armstrong_robot/armstrong_ws/install/armstrong_description/bin'
[1.250s] [34mcolcon.colcon_core.environment[0m [1;30mLevel 1[0m checking '/home/gswt/gswt/armstrong_robot/armstrong_ws/install/armstrong_description/lib/pkgconfig/armstrong_description.pc'
[1.250s] [34mcolcon.colcon_core.environment[0m [1;30mLevel 1[0m checking '/home/gswt/gswt/armstrong_robot/armstrong_ws/install/armstrong_description/lib/python3.10/site-packages'
[1.251s] [34mcolcon.colcon_core.environment[0m [1;30mLevel 1[0m checking '/home/gswt/gswt/armstrong_robot/armstrong_ws/install/armstrong_description/bin'
[1.251s] [34mcolcon.colcon_core.shell[0m [1;30mINFO[0m Creating package script '/home/gswt/gswt/armstrong_robot/armstrong_ws/install/armstrong_description/share/armstrong_description/package.ps1'
[1.251s] [34mcolcon.colcon_core.shell[0m [1;30mINFO[0m Creating package descriptor '/home/gswt/gswt/armstrong_robot/armstrong_ws/install/armstrong_description/share/armstrong_description/package.dsv'
[1.252s] [34mcolcon.colcon_core.shell[0m [1;30mINFO[0m Creating package script '/home/gswt/gswt/armstrong_robot/armstrong_ws/install/armstrong_description/share/armstrong_description/package.sh'
[1.252s] [34mcolcon.colcon_core.shell[0m [1;30mINFO[0m Creating package script '/home/gswt/gswt/armstrong_robot/armstrong_ws/install/armstrong_description/share/armstrong_description/package.bash'
[1.253s] [34mcolcon.colcon_core.shell[0m [1;30mINFO[0m Creating package script '/home/gswt/gswt/armstrong_robot/armstrong_ws/install/armstrong_description/share/armstrong_description/package.zsh'
[1.253s] [34mcolcon.colcon_core.environment[0m [1;30mLevel 1[0m create_file_with_runtime_dependencies(/home/gswt/gswt/armstrong_robot/armstrong_ws/install/armstrong_description/share/colcon-core/packages/armstrong_description)
[1.253s] [34mcolcon.colcon_parallel_executor.executor.parallel[0m [1;30mDEBUG[0m [32mclosing loop[0m
[1.253s] [34mcolcon.colcon_parallel_executor.executor.parallel[0m [1;30mDEBUG[0m [32mloop closed[0m
[1.254s] [34mcolcon.colcon_parallel_executor.executor.parallel[0m [1;30mDEBUG[0m [32mrun_until_complete finished with '0'[0m
[1.254s] [34mcolcon.colcon_core.event_reactor[0m [1;30mDEBUG[0m [32mjoining thread[0m
[1.259s] [34mcolcon.colcon_core.plugin_system[0m [1;30mINFO[0m Skipping extension 'colcon_notification.desktop_notification.terminal_notifier': Not used on non-Darwin systems
[1.259s] [34mcolcon.colcon_core.plugin_system[0m [1;30mINFO[0m Skipping extension 'colcon_notification.desktop_notification.win32': Not used on non-Windows systems
[1.259s] [34mcolcon.colcon_notification.desktop_notification[0m [1;30mINFO[0m Sending desktop notification using 'notify2'
[1.269s] [34mcolcon.colcon_core.event_reactor[0m [1;30mDEBUG[0m [32mjoined thread[0m
[1.270s] [34mcolcon.colcon_core.shell[0m [1;30mINFO[0m Creating prefix script '/home/gswt/gswt/armstrong_robot/armstrong_ws/install/local_setup.ps1'
[1.271s] [34mcolcon.colcon_core.shell[0m [1;30mINFO[0m Creating prefix util module '/home/gswt/gswt/armstrong_robot/armstrong_ws/install/_local_setup_util_ps1.py'
[1.272s] [34mcolcon.colcon_core.shell[0m [1;30mINFO[0m Creating prefix chain script '/home/gswt/gswt/armstrong_robot/armstrong_ws/install/setup.ps1'
[1.273s] [34mcolcon.colcon_core.shell[0m [1;30mINFO[0m Creating prefix script '/home/gswt/gswt/armstrong_robot/armstrong_ws/install/local_setup.sh'
[1.273s] [34mcolcon.colcon_core.shell[0m [1;30mINFO[0m Creating prefix util module '/home/gswt/gswt/armstrong_robot/armstrong_ws/install/_local_setup_util_sh.py'
[1.273s] [34mcolcon.colcon_core.shell[0m [1;30mINFO[0m Creating prefix chain script '/home/gswt/gswt/armstrong_robot/armstrong_ws/install/setup.sh'
[1.274s] [34mcolcon.colcon_core.shell[0m [1;30mINFO[0m Creating prefix script '/home/gswt/gswt/armstrong_robot/armstrong_ws/install/local_setup.bash'
[1.275s] [34mcolcon.colcon_core.shell[0m [1;30mINFO[0m Creating prefix chain script '/home/gswt/gswt/armstrong_robot/armstrong_ws/install/setup.bash'
[1.276s] [34mcolcon.colcon_core.shell[0m [1;30mINFO[0m Creating prefix script '/home/gswt/gswt/armstrong_robot/armstrong_ws/install/local_setup.zsh'
[1.276s] [34mcolcon.colcon_core.shell[0m [1;30mINFO[0m Creating prefix chain script '/home/gswt/gswt/armstrong_robot/armstrong_ws/install/setup.zsh'
