[0.012s] Invoking command in '/home/gswt/gswt/armstrong_robot/armstrong_ws/build/armstrong_controller': CMAKE_PREFIX_PATH=${CMAKE_PREFIX_PATH}:/opt/ros/humble /usr/bin/cmake /home/gswt/gswt/armstrong_robot/armstrong_ws/src/armstrong_controller -DAMENT_CMAKE_SYMLINK_INSTALL=1 -DCMAKE_INSTALL_PREFIX=/home/gswt/gswt/armstrong_robot/armstrong_ws/install/armstrong_controller
[0.054s] -- The C compiler identification is GNU 11.4.0
[0.099s] -- The CXX compiler identification is GNU 11.4.0
[0.104s] -- Detecting C compiler ABI info
[0.162s] -- Detecting C compiler ABI info - done
[0.168s] -- Check for working C compiler: /usr/bin/cc - skipped
[0.168s] -- Detecting C compile features
[0.168s] -- Detecting C compile features - done
[0.170s] -- Detecting CXX compiler ABI info
[0.238s] -- Detecting CXX compiler ABI info - done
[0.244s] -- Check for working CXX compiler: /usr/bin/c++ - skipped
[0.244s] -- Detecting CXX compile features
[0.244s] -- Detecting CXX compile features - done
[0.247s] -- Found ament_cmake: 1.3.10 (/opt/ros/humble/share/ament_cmake/cmake)
[0.373s] -- Found Python3: /usr/bin/python3 (found version "3.10.12") found components: Interpreter 
[0.432s] -- Override CMake install command with custom implementation using symlinks instead of copying resources
[0.463s] -- Found ament_lint_auto: 0.12.11 (/opt/ros/humble/share/ament_lint_auto/cmake)
[0.529s] -- Added test 'cppcheck' to perform static code analysis on C / C++ code
[0.530s] -- Configured cppcheck include dirs: 
[0.530s] -- Configured cppcheck exclude dirs and/or files: 
[0.530s] -- Added test 'lint_cmake' to check CMake code style
[0.531s] -- Added test 'uncrustify' to check C / C++ code style
[0.531s] -- Configured uncrustify additional arguments: 
[0.532s] -- Added test 'xmllint' to check XML markup files
[0.533s] -- Configuring done
[0.536s] -- Generating done
[0.536s] -- Build files have been written to: /home/gswt/gswt/armstrong_robot/armstrong_ws/build/armstrong_controller
[0.540s] Invoked command in '/home/gswt/gswt/armstrong_robot/armstrong_ws/build/armstrong_controller' returned '0': CMAKE_PREFIX_PATH=${CMAKE_PREFIX_PATH}:/opt/ros/humble /usr/bin/cmake /home/gswt/gswt/armstrong_robot/armstrong_ws/src/armstrong_controller -DAMENT_CMAKE_SYMLINK_INSTALL=1 -DCMAKE_INSTALL_PREFIX=/home/gswt/gswt/armstrong_robot/armstrong_ws/install/armstrong_controller
[0.541s] Invoking command in '/home/gswt/gswt/armstrong_robot/armstrong_ws/build/armstrong_controller': CMAKE_PREFIX_PATH=${CMAKE_PREFIX_PATH}:/opt/ros/humble /usr/bin/cmake --build /home/gswt/gswt/armstrong_robot/armstrong_ws/build/armstrong_controller -- -j16 -l16
[0.573s] Invoked command in '/home/gswt/gswt/armstrong_robot/armstrong_ws/build/armstrong_controller' returned '0': CMAKE_PREFIX_PATH=${CMAKE_PREFIX_PATH}:/opt/ros/humble /usr/bin/cmake --build /home/gswt/gswt/armstrong_robot/armstrong_ws/build/armstrong_controller -- -j16 -l16
[0.602s] Invoking command in '/home/gswt/gswt/armstrong_robot/armstrong_ws/build/armstrong_controller': CMAKE_PREFIX_PATH=${CMAKE_PREFIX_PATH}:/opt/ros/humble /usr/bin/cmake --install /home/gswt/gswt/armstrong_robot/armstrong_ws/build/armstrong_controller
[0.607s] -- Install configuration: ""
[0.608s] -- Execute custom install script
[0.608s] -- Symlinking: /home/gswt/gswt/armstrong_robot/armstrong_ws/install/armstrong_controller/share/armstrong_controller/config/armstrong_v1_controllers.yaml
[0.616s] -- Symlinking: /home/gswt/gswt/armstrong_robot/armstrong_ws/install/armstrong_controller/share/ament_index/resource_index/package_run_dependencies/armstrong_controller
[0.623s] -- Symlinking: /home/gswt/gswt/armstrong_robot/armstrong_ws/install/armstrong_controller/share/ament_index/resource_index/parent_prefix_path/armstrong_controller
[0.632s] -- Symlinking: /home/gswt/gswt/armstrong_robot/armstrong_ws/install/armstrong_controller/share/armstrong_controller/environment/ament_prefix_path.sh
[0.640s] -- Symlinking: /home/gswt/gswt/armstrong_robot/armstrong_ws/install/armstrong_controller/share/armstrong_controller/environment/ament_prefix_path.dsv
[0.648s] -- Symlinking: /home/gswt/gswt/armstrong_robot/armstrong_ws/install/armstrong_controller/share/armstrong_controller/environment/path.sh
[0.656s] -- Symlinking: /home/gswt/gswt/armstrong_robot/armstrong_ws/install/armstrong_controller/share/armstrong_controller/environment/path.dsv
[0.664s] -- Symlinking: /home/gswt/gswt/armstrong_robot/armstrong_ws/install/armstrong_controller/share/armstrong_controller/local_setup.bash
[0.671s] -- Symlinking: /home/gswt/gswt/armstrong_robot/armstrong_ws/install/armstrong_controller/share/armstrong_controller/local_setup.sh
[0.680s] -- Symlinking: /home/gswt/gswt/armstrong_robot/armstrong_ws/install/armstrong_controller/share/armstrong_controller/local_setup.zsh
[0.689s] -- Symlinking: /home/gswt/gswt/armstrong_robot/armstrong_ws/install/armstrong_controller/share/armstrong_controller/local_setup.dsv
[0.697s] -- Symlinking: /home/gswt/gswt/armstrong_robot/armstrong_ws/install/armstrong_controller/share/armstrong_controller/package.dsv
[0.705s] -- Symlinking: /home/gswt/gswt/armstrong_robot/armstrong_ws/install/armstrong_controller/share/ament_index/resource_index/packages/armstrong_controller
[0.714s] -- Symlinking: /home/gswt/gswt/armstrong_robot/armstrong_ws/install/armstrong_controller/share/armstrong_controller/cmake/armstrong_controllerConfig.cmake
[0.723s] -- Symlinking: /home/gswt/gswt/armstrong_robot/armstrong_ws/install/armstrong_controller/share/armstrong_controller/cmake/armstrong_controllerConfig-version.cmake
[0.731s] -- Symlinking: /home/gswt/gswt/armstrong_robot/armstrong_ws/install/armstrong_controller/share/armstrong_controller/package.xml
[0.742s] Invoked command in '/home/gswt/gswt/armstrong_robot/armstrong_ws/build/armstrong_controller' returned '0': CMAKE_PREFIX_PATH=${CMAKE_PREFIX_PATH}:/opt/ros/humble /usr/bin/cmake --install /home/gswt/gswt/armstrong_robot/armstrong_ws/build/armstrong_controller
