[0.012s] Invoking command in '/home/gswt/gswt/armstrong_robot/armstrong_ws/build/armstrong_description': CMAKE_PREFIX_PATH=${CMAKE_PREFIX_PATH}:/opt/ros/humble /usr/bin/cmake --build /home/gswt/gswt/armstrong_robot/armstrong_ws/build/armstrong_description -- -j16 -l16
[0.045s] Invoked command in '/home/gswt/gswt/armstrong_robot/armstrong_ws/build/armstrong_description' returned '0': CMAKE_PREFIX_PATH=${CMAKE_PREFIX_PATH}:/opt/ros/humble /usr/bin/cmake --build /home/gswt/gswt/armstrong_robot/armstrong_ws/build/armstrong_description -- -j16 -l16
[0.071s] Invoking command in '/home/gswt/gswt/armstrong_robot/armstrong_ws/build/armstrong_description': CMAKE_PREFIX_PATH=${CMAKE_PREFIX_PATH}:/opt/ros/humble /usr/bin/cmake --install /home/gswt/gswt/armstrong_robot/armstrong_ws/build/armstrong_description
[0.077s] -- Install configuration: ""
[0.077s] -- Execute custom install script
[0.077s] -- Up-to-date symlink: /home/gswt/gswt/armstrong_robot/armstrong_ws/install/armstrong_description/share/armstrong_description/urdf/armstrong_v1/base.urdf.xacro
[0.077s] -- Up-to-date symlink: /home/gswt/gswt/armstrong_robot/armstrong_ws/install/armstrong_description/share/armstrong_description/urdf/armstrong_v1/gazebo_plugins.urdf.xacro
[0.078s] -- Up-to-date symlink: /home/gswt/gswt/armstrong_robot/armstrong_ws/install/armstrong_description/share/armstrong_description/urdf/armstrong_v1/main.urdf.xacro
[0.078s] -- Up-to-date symlink: /home/gswt/gswt/armstrong_robot/armstrong_ws/install/armstrong_description/share/armstrong_description/urdf/armstrong_v1/materials.urdf.xacro
[0.078s] -- Up-to-date symlink: /home/gswt/gswt/armstrong_robot/armstrong_ws/install/armstrong_description/share/armstrong_description/urdf/armstrong_v1/ros2_control.urdf.xacro
[0.078s] -- Up-to-date symlink: /home/gswt/gswt/armstrong_robot/armstrong_ws/install/armstrong_description/share/armstrong_description/launch/display.launch.py
[0.078s] -- Up-to-date symlink: /home/gswt/gswt/armstrong_robot/armstrong_ws/install/armstrong_description/share/armstrong_description/launch/gazebo.launch.py
[0.078s] -- Up-to-date symlink: /home/gswt/gswt/armstrong_robot/armstrong_ws/install/armstrong_description/share/armstrong_description/rviz/armstrong_display.rviz
[0.078s] -- Up-to-date symlink: /home/gswt/gswt/armstrong_robot/armstrong_ws/install/armstrong_description/share/ament_index/resource_index/package_run_dependencies/armstrong_description
[0.078s] -- Up-to-date symlink: /home/gswt/gswt/armstrong_robot/armstrong_ws/install/armstrong_description/share/ament_index/resource_index/parent_prefix_path/armstrong_description
[0.079s] -- Up-to-date symlink: /home/gswt/gswt/armstrong_robot/armstrong_ws/install/armstrong_description/share/armstrong_description/environment/ament_prefix_path.sh
[0.079s] -- Up-to-date symlink: /home/gswt/gswt/armstrong_robot/armstrong_ws/install/armstrong_description/share/armstrong_description/environment/ament_prefix_path.dsv
[0.079s] -- Up-to-date symlink: /home/gswt/gswt/armstrong_robot/armstrong_ws/install/armstrong_description/share/armstrong_description/environment/path.sh
[0.079s] -- Up-to-date symlink: /home/gswt/gswt/armstrong_robot/armstrong_ws/install/armstrong_description/share/armstrong_description/environment/path.dsv
[0.079s] -- Up-to-date symlink: /home/gswt/gswt/armstrong_robot/armstrong_ws/install/armstrong_description/share/armstrong_description/local_setup.bash
[0.079s] -- Up-to-date symlink: /home/gswt/gswt/armstrong_robot/armstrong_ws/install/armstrong_description/share/armstrong_description/local_setup.sh
[0.079s] -- Up-to-date symlink: /home/gswt/gswt/armstrong_robot/armstrong_ws/install/armstrong_description/share/armstrong_description/local_setup.zsh
[0.080s] -- Up-to-date symlink: /home/gswt/gswt/armstrong_robot/armstrong_ws/install/armstrong_description/share/armstrong_description/local_setup.dsv
[0.080s] -- Symlinking: /home/gswt/gswt/armstrong_robot/armstrong_ws/install/armstrong_description/share/armstrong_description/package.dsv
[0.088s] -- Up-to-date symlink: /home/gswt/gswt/armstrong_robot/armstrong_ws/install/armstrong_description/share/ament_index/resource_index/packages/armstrong_description
[0.088s] -- Up-to-date symlink: /home/gswt/gswt/armstrong_robot/armstrong_ws/install/armstrong_description/share/armstrong_description/cmake/armstrong_descriptionConfig.cmake
[0.088s] -- Up-to-date symlink: /home/gswt/gswt/armstrong_robot/armstrong_ws/install/armstrong_description/share/armstrong_description/cmake/armstrong_descriptionConfig-version.cmake
[0.088s] -- Up-to-date symlink: /home/gswt/gswt/armstrong_robot/armstrong_ws/install/armstrong_description/share/armstrong_description/package.xml
[0.101s] Invoked command in '/home/gswt/gswt/armstrong_robot/armstrong_ws/build/armstrong_description' returned '0': CMAKE_PREFIX_PATH=${CMAKE_PREFIX_PATH}:/opt/ros/humble /usr/bin/cmake --install /home/gswt/gswt/armstrong_robot/armstrong_ws/build/armstrong_description
