-- Install configuration: ""
-- Execute custom install script
-- Up-to-date symlink: /home/gswt/gswt/armstrong_robot/armstrong_ws/install/armstrong_controller/share/armstrong_controller/config/armstrong_v1_controllers.yaml
-- Symlinking: /home/gswt/gswt/armstrong_robot/armstrong_ws/install/armstrong_controller/share/armstrong_controller/config/effort_teleop.yaml
-- Up-to-date symlink: /home/gswt/gswt/armstrong_robot/armstrong_ws/install/armstrong_controller/share/armstrong_controller/config/oltf_data_acq.yaml
-- Up-to-date symlink: /home/gswt/gswt/armstrong_robot/armstrong_ws/install/armstrong_controller/share/armstrong_controller/launch/controller.launch.py
-- Up-to-date symlink: /home/gswt/gswt/armstrong_robot/armstrong_ws/install/armstrong_controller/lib/armstrong_controller/oltf_data_acq.py
-- Up-to-date symlink: /home/gswt/gswt/armstrong_robot/armstrong_ws/install/armstrong_controller/lib/armstrong_controller/effort_teleop.py
-- Up-to-date symlink: /home/gswt/gswt/armstrong_robot/armstrong_ws/install/armstrong_controller/share/ament_index/resource_index/package_run_dependencies/armstrong_controller
-- Up-to-date symlink: /home/gswt/gswt/armstrong_robot/armstrong_ws/install/armstrong_controller/share/ament_index/resource_index/parent_prefix_path/armstrong_controller
-- Up-to-date symlink: /home/gswt/gswt/armstrong_robot/armstrong_ws/install/armstrong_controller/share/armstrong_controller/environment/ament_prefix_path.sh
-- Up-to-date symlink: /home/gswt/gswt/armstrong_robot/armstrong_ws/install/armstrong_controller/share/armstrong_controller/environment/ament_prefix_path.dsv
-- Up-to-date symlink: /home/gswt/gswt/armstrong_robot/armstrong_ws/install/armstrong_controller/share/armstrong_controller/environment/path.sh
-- Up-to-date symlink: /home/gswt/gswt/armstrong_robot/armstrong_ws/install/armstrong_controller/share/armstrong_controller/environment/path.dsv
-- Up-to-date symlink: /home/gswt/gswt/armstrong_robot/armstrong_ws/install/armstrong_controller/share/armstrong_controller/local_setup.bash
-- Up-to-date symlink: /home/gswt/gswt/armstrong_robot/armstrong_ws/install/armstrong_controller/share/armstrong_controller/local_setup.sh
-- Up-to-date symlink: /home/gswt/gswt/armstrong_robot/armstrong_ws/install/armstrong_controller/share/armstrong_controller/local_setup.zsh
-- Up-to-date symlink: /home/gswt/gswt/armstrong_robot/armstrong_ws/install/armstrong_controller/share/armstrong_controller/local_setup.dsv
-- Symlinking: /home/gswt/gswt/armstrong_robot/armstrong_ws/install/armstrong_controller/share/armstrong_controller/package.dsv
-- Up-to-date symlink: /home/gswt/gswt/armstrong_robot/armstrong_ws/install/armstrong_controller/share/ament_index/resource_index/packages/armstrong_controller
-- Up-to-date symlink: /home/gswt/gswt/armstrong_robot/armstrong_ws/install/armstrong_controller/share/armstrong_controller/cmake/armstrong_controllerConfig.cmake
-- Up-to-date symlink: /home/gswt/gswt/armstrong_robot/armstrong_ws/install/armstrong_controller/share/armstrong_controller/cmake/armstrong_controllerConfig-version.cmake
-- Up-to-date symlink: /home/gswt/gswt/armstrong_robot/armstrong_ws/install/armstrong_controller/share/armstrong_controller/package.xml
