[0.016s] Invoking command in '/home/gswt/gswt/armstrong_robot/armstrong_ws/build/armstrong_bringup': CMAKE_PREFIX_PATH=${CMAKE_PREFIX_PATH}:/opt/ros/humble /usr/bin/cmake /home/gswt/gswt/armstrong_robot/armstrong_ws/src/armstrong_bringup -DCMAKE_INSTALL_PREFIX=/home/gswt/gswt/armstrong_robot/armstrong_ws/install/armstrong_bringup
[0.027s] -- Found ament_cmake: 1.3.10 (/opt/ros/humble/share/ament_cmake/cmake)
[0.125s] -- Override CMake install command with custom implementation using symlinks instead of copying resources
[0.131s] -- Found ament_lint_auto: 0.12.11 (/opt/ros/humble/share/ament_lint_auto/cmake)
[0.188s] -- Added test 'flake8' to check Python code syntax and style conventions
[0.189s] -- Added test 'lint_cmake' to check CMake code style
[0.189s] -- Added test 'pep257' to check Python code against some of the docstring style conventions in PEP 257
[0.189s] -- Added test 'xmllint' to check XML markup files
[0.190s] -- Configuring done
[0.193s] -- Generating done
[0.194s] -- Build files have been written to: /home/gswt/gswt/armstrong_robot/armstrong_ws/build/armstrong_bringup
[0.201s] Invoked command in '/home/gswt/gswt/armstrong_robot/armstrong_ws/build/armstrong_bringup' returned '0': CMAKE_PREFIX_PATH=${CMAKE_PREFIX_PATH}:/opt/ros/humble /usr/bin/cmake /home/gswt/gswt/armstrong_robot/armstrong_ws/src/armstrong_bringup -DCMAKE_INSTALL_PREFIX=/home/gswt/gswt/armstrong_robot/armstrong_ws/install/armstrong_bringup
[0.201s] Invoking command in '/home/gswt/gswt/armstrong_robot/armstrong_ws/build/armstrong_bringup': CMAKE_PREFIX_PATH=${CMAKE_PREFIX_PATH}:/opt/ros/humble /usr/bin/cmake --build /home/gswt/gswt/armstrong_robot/armstrong_ws/build/armstrong_bringup -- -j16 -l16
[0.236s] Invoked command in '/home/gswt/gswt/armstrong_robot/armstrong_ws/build/armstrong_bringup' returned '0': CMAKE_PREFIX_PATH=${CMAKE_PREFIX_PATH}:/opt/ros/humble /usr/bin/cmake --build /home/gswt/gswt/armstrong_robot/armstrong_ws/build/armstrong_bringup -- -j16 -l16
[0.265s] Invoking command in '/home/gswt/gswt/armstrong_robot/armstrong_ws/build/armstrong_bringup': CMAKE_PREFIX_PATH=${CMAKE_PREFIX_PATH}:/opt/ros/humble /usr/bin/cmake --install /home/gswt/gswt/armstrong_robot/armstrong_ws/build/armstrong_bringup
[0.271s] -- Install configuration: ""
[0.271s] -- Execute custom install script
[0.272s] -- Up-to-date symlink: /home/gswt/gswt/armstrong_robot/armstrong_ws/install/armstrong_bringup/share/armstrong_bringup/launch/armstrong_simulated.launch.py
[0.272s] -- Up-to-date symlink: /home/gswt/gswt/armstrong_robot/armstrong_ws/install/armstrong_bringup/share/ament_index/resource_index/package_run_dependencies/armstrong_bringup
[0.272s] -- Up-to-date symlink: /home/gswt/gswt/armstrong_robot/armstrong_ws/install/armstrong_bringup/share/ament_index/resource_index/parent_prefix_path/armstrong_bringup
[0.273s] -- Up-to-date symlink: /home/gswt/gswt/armstrong_robot/armstrong_ws/install/armstrong_bringup/share/armstrong_bringup/environment/ament_prefix_path.sh
[0.273s] -- Up-to-date symlink: /home/gswt/gswt/armstrong_robot/armstrong_ws/install/armstrong_bringup/share/armstrong_bringup/environment/ament_prefix_path.dsv
[0.273s] -- Up-to-date symlink: /home/gswt/gswt/armstrong_robot/armstrong_ws/install/armstrong_bringup/share/armstrong_bringup/environment/path.sh
[0.273s] -- Up-to-date symlink: /home/gswt/gswt/armstrong_robot/armstrong_ws/install/armstrong_bringup/share/armstrong_bringup/environment/path.dsv
[0.273s] -- Up-to-date symlink: /home/gswt/gswt/armstrong_robot/armstrong_ws/install/armstrong_bringup/share/armstrong_bringup/local_setup.bash
[0.273s] -- Up-to-date symlink: /home/gswt/gswt/armstrong_robot/armstrong_ws/install/armstrong_bringup/share/armstrong_bringup/local_setup.sh
[0.273s] -- Up-to-date symlink: /home/gswt/gswt/armstrong_robot/armstrong_ws/install/armstrong_bringup/share/armstrong_bringup/local_setup.zsh
[0.273s] -- Up-to-date symlink: /home/gswt/gswt/armstrong_robot/armstrong_ws/install/armstrong_bringup/share/armstrong_bringup/local_setup.dsv
[0.273s] -- Symlinking: /home/gswt/gswt/armstrong_robot/armstrong_ws/install/armstrong_bringup/share/armstrong_bringup/package.dsv
[0.281s] -- Up-to-date symlink: /home/gswt/gswt/armstrong_robot/armstrong_ws/install/armstrong_bringup/share/ament_index/resource_index/packages/armstrong_bringup
[0.281s] -- Up-to-date symlink: /home/gswt/gswt/armstrong_robot/armstrong_ws/install/armstrong_bringup/share/armstrong_bringup/cmake/armstrong_bringupConfig.cmake
[0.281s] -- Up-to-date symlink: /home/gswt/gswt/armstrong_robot/armstrong_ws/install/armstrong_bringup/share/armstrong_bringup/cmake/armstrong_bringupConfig-version.cmake
[0.282s] -- Up-to-date symlink: /home/gswt/gswt/armstrong_robot/armstrong_ws/install/armstrong_bringup/share/armstrong_bringup/package.xml
[0.292s] Invoked command in '/home/gswt/gswt/armstrong_robot/armstrong_ws/build/armstrong_bringup' returned '0': CMAKE_PREFIX_PATH=${CMAKE_PREFIX_PATH}:/opt/ros/humble /usr/bin/cmake --install /home/gswt/gswt/armstrong_robot/armstrong_ws/build/armstrong_bringup
