[0.012s] Invoking command in '/home/gswt/gswt/armstrong_robot/armstrong_ws/build/armstrong_description': CMAKE_PREFIX_PATH=${CMAKE_PREFIX_PATH}:/opt/ros/humble /usr/bin/cmake /home/gswt/gswt/armstrong_robot/armstrong_ws/src/armstrong_description -DCMAKE_INSTALL_PREFIX=/home/gswt/gswt/armstrong_robot/armstrong_ws/install/armstrong_description
[0.021s] -- Found ament_cmake: 1.3.10 (/opt/ros/humble/share/ament_cmake/cmake)
[0.116s] -- Override CMake install command with custom implementation using symlinks instead of copying resources
[0.122s] -- Found ament_lint_auto: 0.12.11 (/opt/ros/humble/share/ament_lint_auto/cmake)
[0.180s] -- Added test 'flake8' to check Python code syntax and style conventions
[0.181s] -- Added test 'lint_cmake' to check CMake code style
[0.181s] -- Added test 'pep257' to check Python code against some of the docstring style conventions in PEP 257
[0.183s] -- Added test 'xmllint' to check XML markup files
[0.183s] -- Configuring done
[0.186s] -- Generating done
[0.187s] -- Build files have been written to: /home/gswt/gswt/armstrong_robot/armstrong_ws/build/armstrong_description
[0.192s] Invoked command in '/home/gswt/gswt/armstrong_robot/armstrong_ws/build/armstrong_description' returned '0': CMAKE_PREFIX_PATH=${CMAKE_PREFIX_PATH}:/opt/ros/humble /usr/bin/cmake /home/gswt/gswt/armstrong_robot/armstrong_ws/src/armstrong_description -DCMAKE_INSTALL_PREFIX=/home/gswt/gswt/armstrong_robot/armstrong_ws/install/armstrong_description
[0.194s] Invoking command in '/home/gswt/gswt/armstrong_robot/armstrong_ws/build/armstrong_description': CMAKE_PREFIX_PATH=${CMAKE_PREFIX_PATH}:/opt/ros/humble /usr/bin/cmake --build /home/gswt/gswt/armstrong_robot/armstrong_ws/build/armstrong_description -- -j16 -l16
[0.228s] Invoked command in '/home/gswt/gswt/armstrong_robot/armstrong_ws/build/armstrong_description' returned '0': CMAKE_PREFIX_PATH=${CMAKE_PREFIX_PATH}:/opt/ros/humble /usr/bin/cmake --build /home/gswt/gswt/armstrong_robot/armstrong_ws/build/armstrong_description -- -j16 -l16
[0.256s] Invoking command in '/home/gswt/gswt/armstrong_robot/armstrong_ws/build/armstrong_description': CMAKE_PREFIX_PATH=${CMAKE_PREFIX_PATH}:/opt/ros/humble /usr/bin/cmake --install /home/gswt/gswt/armstrong_robot/armstrong_ws/build/armstrong_description
[0.261s] -- Install configuration: ""
[0.262s] -- Execute custom install script
[0.262s] -- Up-to-date symlink: /home/gswt/gswt/armstrong_robot/armstrong_ws/install/armstrong_description/share/armstrong_description/urdf/armstrong_v1/base.urdf.xacro
[0.263s] -- Up-to-date symlink: /home/gswt/gswt/armstrong_robot/armstrong_ws/install/armstrong_description/share/armstrong_description/urdf/armstrong_v1/gazebo_plugins.urdf.xacro
[0.263s] -- Up-to-date symlink: /home/gswt/gswt/armstrong_robot/armstrong_ws/install/armstrong_description/share/armstrong_description/urdf/armstrong_v1/main.urdf.xacro
[0.263s] -- Up-to-date symlink: /home/gswt/gswt/armstrong_robot/armstrong_ws/install/armstrong_description/share/armstrong_description/urdf/armstrong_v1/materials.urdf.xacro
[0.263s] -- Up-to-date symlink: /home/gswt/gswt/armstrong_robot/armstrong_ws/install/armstrong_description/share/armstrong_description/urdf/armstrong_v1/ros2_control.urdf.xacro
[0.263s] -- Up-to-date symlink: /home/gswt/gswt/armstrong_robot/armstrong_ws/install/armstrong_description/share/armstrong_description/launch/display.launch.py
[0.263s] -- Up-to-date symlink: /home/gswt/gswt/armstrong_robot/armstrong_ws/install/armstrong_description/share/armstrong_description/launch/gazebo.launch.py
[0.263s] -- Up-to-date symlink: /home/gswt/gswt/armstrong_robot/armstrong_ws/install/armstrong_description/share/armstrong_description/rviz/armstrong_display.rviz
[0.263s] -- Up-to-date symlink: /home/gswt/gswt/armstrong_robot/armstrong_ws/install/armstrong_description/share/armstrong_description/worlds/empty_world.world
[0.263s] -- Up-to-date symlink: /home/gswt/gswt/armstrong_robot/armstrong_ws/install/armstrong_description/share/ament_index/resource_index/package_run_dependencies/armstrong_description
[0.263s] -- Up-to-date symlink: /home/gswt/gswt/armstrong_robot/armstrong_ws/install/armstrong_description/share/ament_index/resource_index/parent_prefix_path/armstrong_description
[0.264s] -- Up-to-date symlink: /home/gswt/gswt/armstrong_robot/armstrong_ws/install/armstrong_description/share/armstrong_description/environment/ament_prefix_path.sh
[0.264s] -- Up-to-date symlink: /home/gswt/gswt/armstrong_robot/armstrong_ws/install/armstrong_description/share/armstrong_description/environment/ament_prefix_path.dsv
[0.264s] -- Up-to-date symlink: /home/gswt/gswt/armstrong_robot/armstrong_ws/install/armstrong_description/share/armstrong_description/environment/path.sh
[0.264s] -- Up-to-date symlink: /home/gswt/gswt/armstrong_robot/armstrong_ws/install/armstrong_description/share/armstrong_description/environment/path.dsv
[0.264s] -- Up-to-date symlink: /home/gswt/gswt/armstrong_robot/armstrong_ws/install/armstrong_description/share/armstrong_description/local_setup.bash
[0.264s] -- Up-to-date symlink: /home/gswt/gswt/armstrong_robot/armstrong_ws/install/armstrong_description/share/armstrong_description/local_setup.sh
[0.264s] -- Up-to-date symlink: /home/gswt/gswt/armstrong_robot/armstrong_ws/install/armstrong_description/share/armstrong_description/local_setup.zsh
[0.264s] -- Up-to-date symlink: /home/gswt/gswt/armstrong_robot/armstrong_ws/install/armstrong_description/share/armstrong_description/local_setup.dsv
[0.265s] -- Symlinking: /home/gswt/gswt/armstrong_robot/armstrong_ws/install/armstrong_description/share/armstrong_description/package.dsv
[0.272s] -- Up-to-date symlink: /home/gswt/gswt/armstrong_robot/armstrong_ws/install/armstrong_description/share/ament_index/resource_index/packages/armstrong_description
[0.273s] -- Up-to-date symlink: /home/gswt/gswt/armstrong_robot/armstrong_ws/install/armstrong_description/share/armstrong_description/cmake/armstrong_descriptionConfig.cmake
[0.273s] -- Up-to-date symlink: /home/gswt/gswt/armstrong_robot/armstrong_ws/install/armstrong_description/share/armstrong_description/cmake/armstrong_descriptionConfig-version.cmake
[0.273s] -- Up-to-date symlink: /home/gswt/gswt/armstrong_robot/armstrong_ws/install/armstrong_description/share/armstrong_description/package.xml
[0.287s] Invoked command in '/home/gswt/gswt/armstrong_robot/armstrong_ws/build/armstrong_description' returned '0': CMAKE_PREFIX_PATH=${CMAKE_PREFIX_PATH}:/opt/ros/humble /usr/bin/cmake --install /home/gswt/gswt/armstrong_robot/armstrong_ws/build/armstrong_description
