[0.016s] Invoking command in '/home/gswt/gswt/armstrong_robot/armstrong_ws/build/armstrong_bringup': CMAKE_PREFIX_PATH=${CMAKE_PREFIX_PATH}:/opt/ros/humble /usr/bin/cmake --build /home/gswt/gswt/armstrong_robot/armstrong_ws/build/armstrong_bringup -- -j16 -l16
[0.050s] Invoked command in '/home/gswt/gswt/armstrong_robot/armstrong_ws/build/armstrong_bringup' returned '0': CMAKE_PREFIX_PATH=${CMAKE_PREFIX_PATH}:/opt/ros/humble /usr/bin/cmake --build /home/gswt/gswt/armstrong_robot/armstrong_ws/build/armstrong_bringup -- -j16 -l16
[0.078s] Invoking command in '/home/gswt/gswt/armstrong_robot/armstrong_ws/build/armstrong_bringup': CMAKE_PREFIX_PATH=${CMAKE_PREFIX_PATH}:/opt/ros/humble /usr/bin/cmake --install /home/gswt/gswt/armstrong_robot/armstrong_ws/build/armstrong_bringup
[0.084s] -- Install configuration: ""
[0.084s] -- Execute custom install script
[0.085s] -- Up-to-date symlink: /home/gswt/gswt/armstrong_robot/armstrong_ws/install/armstrong_bringup/share/armstrong_bringup/launch/armstrong_simulated.launch.py
[0.085s] -- Up-to-date symlink: /home/gswt/gswt/armstrong_robot/armstrong_ws/install/armstrong_bringup/share/ament_index/resource_index/package_run_dependencies/armstrong_bringup
[0.085s] -- Up-to-date symlink: /home/gswt/gswt/armstrong_robot/armstrong_ws/install/armstrong_bringup/share/ament_index/resource_index/parent_prefix_path/armstrong_bringup
[0.085s] -- Up-to-date symlink: /home/gswt/gswt/armstrong_robot/armstrong_ws/install/armstrong_bringup/share/armstrong_bringup/environment/ament_prefix_path.sh
[0.085s] -- Up-to-date symlink: /home/gswt/gswt/armstrong_robot/armstrong_ws/install/armstrong_bringup/share/armstrong_bringup/environment/ament_prefix_path.dsv
[0.085s] -- Up-to-date symlink: /home/gswt/gswt/armstrong_robot/armstrong_ws/install/armstrong_bringup/share/armstrong_bringup/environment/path.sh
[0.085s] -- Up-to-date symlink: /home/gswt/gswt/armstrong_robot/armstrong_ws/install/armstrong_bringup/share/armstrong_bringup/environment/path.dsv
[0.086s] -- Up-to-date symlink: /home/gswt/gswt/armstrong_robot/armstrong_ws/install/armstrong_bringup/share/armstrong_bringup/local_setup.bash
[0.086s] -- Up-to-date symlink: /home/gswt/gswt/armstrong_robot/armstrong_ws/install/armstrong_bringup/share/armstrong_bringup/local_setup.sh
[0.086s] -- Up-to-date symlink: /home/gswt/gswt/armstrong_robot/armstrong_ws/install/armstrong_bringup/share/armstrong_bringup/local_setup.zsh
[0.086s] -- Up-to-date symlink: /home/gswt/gswt/armstrong_robot/armstrong_ws/install/armstrong_bringup/share/armstrong_bringup/local_setup.dsv
[0.086s] -- Symlinking: /home/gswt/gswt/armstrong_robot/armstrong_ws/install/armstrong_bringup/share/armstrong_bringup/package.dsv
[0.094s] -- Up-to-date symlink: /home/gswt/gswt/armstrong_robot/armstrong_ws/install/armstrong_bringup/share/ament_index/resource_index/packages/armstrong_bringup
[0.094s] -- Up-to-date symlink: /home/gswt/gswt/armstrong_robot/armstrong_ws/install/armstrong_bringup/share/armstrong_bringup/cmake/armstrong_bringupConfig.cmake
[0.095s] -- Up-to-date symlink: /home/gswt/gswt/armstrong_robot/armstrong_ws/install/armstrong_bringup/share/armstrong_bringup/cmake/armstrong_bringupConfig-version.cmake
[0.095s] -- Up-to-date symlink: /home/gswt/gswt/armstrong_robot/armstrong_ws/install/armstrong_bringup/share/armstrong_bringup/package.xml
[0.097s] Invoked command in '/home/gswt/gswt/armstrong_robot/armstrong_ws/build/armstrong_bringup' returned '0': CMAKE_PREFIX_PATH=${CMAKE_PREFIX_PATH}:/opt/ros/humble /usr/bin/cmake --install /home/gswt/gswt/armstrong_robot/armstrong_ws/build/armstrong_bringup
