[0.014s] Invoking command in '/home/gswt/gswt/armstrong_robot/armstrong_ws/build/armstrong_controller': CMAKE_PREFIX_PATH=${CMAKE_PREFIX_PATH}:/opt/ros/humble /usr/bin/cmake --build /home/gswt/gswt/armstrong_robot/armstrong_ws/build/armstrong_controller -- -j16 -l16
[0.033s] -- Found ament_cmake: 1.3.10 (/opt/ros/humble/share/ament_cmake/cmake)
[0.135s] -- Override CMake install command with custom implementation using symlinks instead of copying resources
[0.142s] -- Found rclcpp: 16.0.10 (/opt/ros/humble/share/rclcpp/cmake)
[0.186s] -- Found rosidl_generator_c: 3.1.5 (/opt/ros/humble/share/rosidl_generator_c/cmake)
[0.192s] -- Found rosidl_adapter: 3.1.5 (/opt/ros/humble/share/rosidl_adapter/cmake)
[0.200s] -- Found rosidl_generator_cpp: 3.1.5 (/opt/ros/humble/share/rosidl_generator_cpp/cmake)
[0.211s] -- Using all available rosidl_typesupport_c: rosidl_typesupport_fastrtps_c;rosidl_typesupport_introspection_c
[0.226s] -- Using all available rosidl_typesupport_cpp: rosidl_typesupport_fastrtps_cpp;rosidl_typesupport_introspection_cpp
[0.267s] -- Found rmw_implementation_cmake: 6.1.2 (/opt/ros/humble/share/rmw_implementation_cmake/cmake)
[0.270s] -- Found rmw_fastrtps_cpp: 6.2.7 (/opt/ros/humble/share/rmw_fastrtps_cpp/cmake)
[0.357s] -- Found OpenSSL: /usr/lib/x86_64-linux-gnu/libcrypto.so (found version "3.0.2")  
[0.387s] -- Found FastRTPS: /opt/ros/humble/include  
[0.431s] -- Using RMW implementation 'rmw_fastrtps_cpp' as default
[0.440s] -- Looking for pthread.h
[0.504s] -- Looking for pthread.h - found
[0.504s] -- Performing Test CMAKE_HAVE_LIBC_PTHREAD
[0.569s] -- Performing Test CMAKE_HAVE_LIBC_PTHREAD - Success
[0.570s] -- Found Threads: TRUE  
[0.612s] -- Found rclpy: 3.3.14 (/opt/ros/humble/share/rclpy/cmake)
[0.662s] -- Configuring done
[0.666s] -- Generating done
[0.667s] -- Build files have been written to: /home/gswt/gswt/armstrong_robot/armstrong_ws/build/armstrong_controller
[0.691s] Invoked command in '/home/gswt/gswt/armstrong_robot/armstrong_ws/build/armstrong_controller' returned '0': CMAKE_PREFIX_PATH=${CMAKE_PREFIX_PATH}:/opt/ros/humble /usr/bin/cmake --build /home/gswt/gswt/armstrong_robot/armstrong_ws/build/armstrong_controller -- -j16 -l16
[0.712s] Invoking command in '/home/gswt/gswt/armstrong_robot/armstrong_ws/build/armstrong_controller': CMAKE_PREFIX_PATH=${CMAKE_PREFIX_PATH}:/opt/ros/humble /usr/bin/cmake --install /home/gswt/gswt/armstrong_robot/armstrong_ws/build/armstrong_controller
[0.719s] -- Install configuration: ""
[0.719s] -- Execute custom install script
[0.719s] -- Up-to-date symlink: /home/gswt/gswt/armstrong_robot/armstrong_ws/install/armstrong_controller/share/armstrong_controller/config/armstrong_v1_controllers.yaml
[0.719s] -- Symlinking: /home/gswt/gswt/armstrong_robot/armstrong_ws/install/armstrong_controller/share/armstrong_controller/config/oltf_data_acq.yaml
[0.729s] -- Up-to-date symlink: /home/gswt/gswt/armstrong_robot/armstrong_ws/install/armstrong_controller/share/armstrong_controller/launch/controller.launch.py
[0.729s] -- Symlinking: /home/gswt/gswt/armstrong_robot/armstrong_ws/install/armstrong_controller/lib/armstrong_controller/oltf_data_acq.py
[0.738s] -- Up-to-date symlink: /home/gswt/gswt/armstrong_robot/armstrong_ws/install/armstrong_controller/share/ament_index/resource_index/package_run_dependencies/armstrong_controller
[0.738s] -- Up-to-date symlink: /home/gswt/gswt/armstrong_robot/armstrong_ws/install/armstrong_controller/share/ament_index/resource_index/parent_prefix_path/armstrong_controller
[0.738s] -- Up-to-date symlink: /home/gswt/gswt/armstrong_robot/armstrong_ws/install/armstrong_controller/share/armstrong_controller/environment/ament_prefix_path.sh
[0.738s] -- Up-to-date symlink: /home/gswt/gswt/armstrong_robot/armstrong_ws/install/armstrong_controller/share/armstrong_controller/environment/ament_prefix_path.dsv
[0.738s] -- Up-to-date symlink: /home/gswt/gswt/armstrong_robot/armstrong_ws/install/armstrong_controller/share/armstrong_controller/environment/path.sh
[0.738s] -- Up-to-date symlink: /home/gswt/gswt/armstrong_robot/armstrong_ws/install/armstrong_controller/share/armstrong_controller/environment/path.dsv
[0.738s] -- Up-to-date symlink: /home/gswt/gswt/armstrong_robot/armstrong_ws/install/armstrong_controller/share/armstrong_controller/local_setup.bash
[0.739s] -- Up-to-date symlink: /home/gswt/gswt/armstrong_robot/armstrong_ws/install/armstrong_controller/share/armstrong_controller/local_setup.sh
[0.739s] -- Up-to-date symlink: /home/gswt/gswt/armstrong_robot/armstrong_ws/install/armstrong_controller/share/armstrong_controller/local_setup.zsh
[0.739s] -- Up-to-date symlink: /home/gswt/gswt/armstrong_robot/armstrong_ws/install/armstrong_controller/share/armstrong_controller/local_setup.dsv
[0.739s] -- Symlinking: /home/gswt/gswt/armstrong_robot/armstrong_ws/install/armstrong_controller/share/armstrong_controller/package.dsv
[0.747s] -- Up-to-date symlink: /home/gswt/gswt/armstrong_robot/armstrong_ws/install/armstrong_controller/share/ament_index/resource_index/packages/armstrong_controller
[0.747s] -- Up-to-date symlink: /home/gswt/gswt/armstrong_robot/armstrong_ws/install/armstrong_controller/share/armstrong_controller/cmake/armstrong_controllerConfig.cmake
[0.747s] -- Up-to-date symlink: /home/gswt/gswt/armstrong_robot/armstrong_ws/install/armstrong_controller/share/armstrong_controller/cmake/armstrong_controllerConfig-version.cmake
[0.747s] -- Up-to-date symlink: /home/gswt/gswt/armstrong_robot/armstrong_ws/install/armstrong_controller/share/armstrong_controller/package.xml
[0.749s] Invoked command in '/home/gswt/gswt/armstrong_robot/armstrong_ws/build/armstrong_controller' returned '0': CMAKE_PREFIX_PATH=${CMAKE_PREFIX_PATH}:/opt/ros/humble /usr/bin/cmake --install /home/gswt/gswt/armstrong_robot/armstrong_ws/build/armstrong_controller
